[INFO] Scanning for projects...
Downloading from central: https://repo.maven.apache.org/maven2/org/springframework/boot/maven-metadata.xml
Downloading from central: https://repo.maven.apache.org/maven2/io/github/git-commit-id/maven-metadata.xml
Downloading from central: https://repo.maven.apache.org/maven2/org/cyclonedx/maven-metadata.xml
Downloading from central: https://repo.maven.apache.org/maven2/org/flywaydb/maven-metadata.xml
Progress (1): 243 BProgress (2): 243 B | 234 BProgress (3): 243 B | 234 B | 249 BProgress (4): 243 B | 234 B | 249 B | 255 B                                           Downloaded from central: https://repo.maven.apache.org/maven2/io/github/git-commit-id/maven-metadata.xml (255 B at 442 B/s)
Downloaded from central: https://repo.maven.apache.org/maven2/org/cyclonedx/maven-metadata.xml (243 B at 421 B/s)
Downloaded from central: https://repo.maven.apache.org/maven2/org/springframework/boot/maven-metadata.xml (249 B at 432 B/s)
Downloaded from central: https://repo.maven.apache.org/maven2/org/flywaydb/maven-metadata.xml (234 B at 406 B/s)
Downloading from central: https://repo.maven.apache.org/maven2/org/jooq/maven-metadata.xml
Downloading from central: https://repo.maven.apache.org/maven2/org/liquibase/maven-metadata.xml
Downloading from central: https://repo.maven.apache.org/maven2/org/jetbrains/kotlin/maven-metadata.xml
Downloading from central: https://repo.maven.apache.org/maven2/org/graalvm/buildtools/maven-metadata.xml
Progress (1): 398 BProgress (2): 398 B | 394 BProgress (3): 398 B | 394 B | 242 BProgress (4): 398 B | 394 B | 242 B | 375 B                                           Downloaded from central: https://repo.maven.apache.org/maven2/org/jooq/maven-metadata.xml (398 B at 4.4 kB/s)
Downloading from central: https://repo.maven.apache.org/maven2/org/apache/maven/plugins/maven-metadata.xml
Downloaded from central: https://repo.maven.apache.org/maven2/org/liquibase/maven-metadata.xml (394 B at 4.1 kB/s)
Downloading from central: https://repo.maven.apache.org/maven2/org/codehaus/mojo/maven-metadata.xml
Downloaded from central: https://repo.maven.apache.org/maven2/org/jetbrains/kotlin/maven-metadata.xml (375 B at 3.9 kB/s)
Downloaded from central: https://repo.maven.apache.org/maven2/org/graalvm/buildtools/maven-metadata.xml (242 B at 2.5 kB/s)
Progress (1): 4.6 kBProgress (1): 9.7 kBProgress (2): 9.7 kB | 3.1 kBProgress (2): 14 kB | 3.1 kB Progress (2): 14 kB | 7.7 kBProgress (2): 14 kB | 12 kB Progress (2): 14 kB | 17 kBProgress (2): 14 kB | 20 kBProgress (2): 14 kB | 21 kB                           Downloaded from central: https://repo.maven.apache.org/maven2/org/apache/maven/plugins/maven-metadata.xml (14 kB at 152 kB/s)
Downloaded from central: https://repo.maven.apache.org/maven2/org/codehaus/mojo/maven-metadata.xml (21 kB at 117 kB/s)
[INFO] 
[INFO] -------------------------< com.backend:Projet >-------------------------
[INFO] Building Projet 0.0.1-SNAPSHOT
[INFO]   from pom.xml
[INFO] --------------------------------[ jar ]---------------------------------
[INFO] 
[INFO] >>> spring-boot:3.4.3:run (default-cli) > test-compile @ Projet >>>
[INFO] 
[INFO] --- resources:3.3.1:resources (default-resources) @ Projet ---
[INFO] Copying 3 resources from src\main\resources to target\classes
[INFO] Copying 1 resource from src\main\resources to target\classes
[INFO] 
[INFO] --- compiler:3.13.0:compile (default-compile) @ Projet ---
[INFO] Recompiling the module because of changed source code.
[INFO] Compiling 96 source files with javac [debug parameters release 21] to target\classes
[INFO] 
[INFO] --- resources:3.3.1:testResources (default-testResources) @ Projet ---
[INFO] Copying 1 resource from src\test\resources to target\test-classes
[INFO] 
[INFO] --- compiler:3.13.0:testCompile (default-testCompile) @ Projet ---
[INFO] Recompiling the module because of changed dependency.
[INFO] Compiling 10 source files with javac [debug parameters release 21] to target\test-classes
[INFO] 
[INFO] <<< spring-boot:3.4.3:run (default-cli) < test-compile @ Projet <<<
[INFO] 
[INFO] 
[INFO] --- spring-boot:3.4.3:run (default-cli) @ Projet ---
[INFO] Attaching agents: []

  .   ____          _            __ _ _
 /\\ / ___'_ __ _ _(_)_ __  __ _ \ \ \ \
( ( )\___ | '_ | '_| | '_ \/ _` | \ \ \ \
 \\/  ___)| |_)| | | | | || (_| |  ) ) ) )
  '  |____| .__|_| |_|_| |_\__, | / / / /
 =========|_|==============|___/=/_/_/_/

 :: Spring Boot ::                (v3.4.3)

2026-04-29T08:21:11.137Z  INFO 16648 --- [backend] [           main] com.backend.Projet.ProjetApplication     : Starting ProjetApplication using Java 21.0.10 with PID 16648 (C:\Users\youss\Desktop\Projet Fin de etuide\backend\target\classes started by DELL5320 in C:\Users\youss\Desktop\Projet Fin de etuide\backend)
2026-04-29T08:21:11.138Z  INFO 16648 --- [backend] [           main] com.backend.Projet.ProjetApplication     : The following 1 profile is active: "dev"
2026-04-29T08:21:12.357Z  INFO 16648 --- [backend] [           main] .s.d.r.c.RepositoryConfigurationDelegate : Bootstrapping Spring Data JPA repositories in DEFAULT mode.
2026-04-29T08:21:12.427Z  INFO 16648 --- [backend] [           main] .s.d.r.c.RepositoryConfigurationDelegate : Finished Spring Data repository scanning in 61 ms. Found 7 JPA repository interfaces.
2026-04-29T08:21:13.237Z  INFO 16648 --- [backend] [           main] o.s.b.w.embedded.tomcat.TomcatWebServer  : Tomcat initialized with port 8081 (http)
2026-04-29T08:21:13.255Z  INFO 16648 --- [backend] [           main] o.apache.catalina.core.StandardService   : Starting service [Tomcat]
2026-04-29T08:21:13.255Z  INFO 16648 --- [backend] [           main] o.apache.catalina.core.StandardEngine    : Starting Servlet engine: [Apache Tomcat/10.1.36]
2026-04-29T08:21:13.327Z  INFO 16648 --- [backend] [           main] o.a.c.c.C.[Tomcat].[localhost].[/]       : Initializing Spring embedded WebApplicationContext
2026-04-29T08:21:13.327Z  INFO 16648 --- [backend] [           main] w.s.c.ServletWebServerApplicationContext : Root WebApplicationContext: initialization completed in 2137 ms
2026-04-29T08:21:13.638Z  INFO 16648 --- [backend] [           main] o.hibernate.jpa.internal.util.LogHelper  : HHH000204: Processing PersistenceUnitInfo [name: default]
2026-04-29T08:21:13.735Z  INFO 16648 --- [backend] [           main] org.hibernate.Version                    : HHH000412: Hibernate ORM core version 6.6.8.Final
2026-04-29T08:21:13.770Z  INFO 16648 --- [backend] [           main] o.h.c.internal.RegionFactoryInitiator    : HHH000026: Second-level cache disabled
2026-04-29T08:21:14.030Z  INFO 16648 --- [backend] [           main] o.s.o.j.p.SpringPersistenceUnitInfo      : No LoadTimeWeaver setup: ignoring JPA class transformer
2026-04-29T08:21:14.059Z  INFO 16648 --- [backend] [           main] com.zaxxer.hikari.HikariDataSource       : HikariPool-1 - Starting...
2026-04-29T08:21:14.377Z  INFO 16648 --- [backend] [           main] com.zaxxer.hikari.pool.HikariPool        : HikariPool-1 - Added connection com.mysql.cj.jdbc.ConnectionImpl@3dfa2f64
2026-04-29T08:21:14.378Z  INFO 16648 --- [backend] [           main] com.zaxxer.hikari.HikariDataSource       : HikariPool-1 - Start completed.
2026-04-29T08:21:14.475Z  INFO 16648 --- [backend] [           main] org.hibernate.orm.connections.pooling    : HHH10001005: Database info:
	Database JDBC URL [Connecting through datasource 'HikariDataSource (HikariPool-1)']
	Database driver: undefined/unknown
	Database version: 8.4.7
	Autocommit mode: undefined/unknown
	Isolation level: undefined/unknown
	Minimum pool size: undefined/unknown
	Maximum pool size: undefined/unknown
2026-04-29T08:21:15.622Z  INFO 16648 --- [backend] [           main] o.h.e.t.j.p.i.JtaPlatformInitiator       : HHH000489: No JTA platform available (set 'hibernate.transaction.jta.platform' to enable JTA platform integration)
2026-04-29T08:21:15.782Z  INFO 16648 --- [backend] [           main] j.LocalContainerEntityManagerFactoryBean : Initialized JPA EntityManagerFactory for persistence unit 'default'
2026-04-29T08:21:16.720Z  WARN 16648 --- [backend] [           main] o.s.aop.framework.CglibAopProxy          : Unable to proxy interface-implementing method [public final void org.springframework.web.filter.OncePerRequestFilter.doFilter(jakarta.servlet.ServletRequest,jakarta.servlet.ServletResponse,jakarta.servlet.FilterChain) throws jakarta.servlet.ServletException,java.io.IOException] because it is marked as final, consider using interface-based JDK proxies instead.
2026-04-29T08:21:16.720Z  WARN 16648 --- [backend] [           main] o.s.aop.framework.CglibAopProxy          : Unable to proxy interface-implementing method [public final void org.springframework.web.filter.GenericFilterBean.init(jakarta.servlet.FilterConfig) throws jakarta.servlet.ServletException] because it is marked as final, consider using interface-based JDK proxies instead.
2026-04-29T08:21:16.845Z  INFO 16648 --- [backend] [           main] o.s.d.j.r.query.QueryEnhancerFactory     : Hibernate is in classpath; If applicable, HQL parser will be used.
2026-04-29T08:21:18.726Z  INFO 16648 --- [backend] [           main] eAuthenticationProviderManagerConfigurer : Global AuthenticationManager configured with AuthenticationProvider bean with name authenticationProvider
2026-04-29T08:21:18.727Z  WARN 16648 --- [backend] [           main] r$InitializeUserDetailsManagerConfigurer : Global AuthenticationManager configured with an AuthenticationProvider bean. UserDetailsService beans will not be used by Spring Security for automatically configuring username/password login. Consider removing the AuthenticationProvider bean. Alternatively, consider using the UserDetailsService in a manually instantiated DaoAuthenticationProvider. If the current configuration is intentional, to turn off this warning, increase the logging level of 'org.springframework.security.config.annotation.authentication.configuration.InitializeUserDetailsBeanManagerConfigurer' to ERROR
2026-04-29T08:21:19.570Z  INFO 16648 --- [backend] [           main] o.s.b.a.e.web.EndpointLinksResolver      : Exposing 2 endpoints beneath base path '/actuator'
2026-04-29T08:21:20.322Z  INFO 16648 --- [backend] [           main] o.s.m.s.b.SimpleBrokerMessageHandler     : Starting...
2026-04-29T08:21:20.323Z  INFO 16648 --- [backend] [           main] o.s.m.s.b.SimpleBrokerMessageHandler     : BrokerAvailabilityEvent[available=true, SimpleBrokerMessageHandler [org.springframework.messaging.simp.broker.DefaultSubscriptionRegistry@7bc1fd7e]]
2026-04-29T08:21:20.323Z  INFO 16648 --- [backend] [           main] o.s.m.s.b.SimpleBrokerMessageHandler     : Started.
2026-04-29T08:21:20.345Z  INFO 16648 --- [backend] [           main] o.s.b.w.embedded.tomcat.TomcatWebServer  : Tomcat started on port 8081 (http) with context path '/'
2026-04-29T08:21:20.359Z  INFO 16648 --- [backend] [           main] com.backend.Projet.ProjetApplication     : Started ProjetApplication in 9.705 seconds (process running for 10.255)
2026-04-29T08:21:24.830Z  INFO 16648 --- [backend] [nio-8081-exec-1] o.a.c.c.C.[Tomcat].[localhost].[/]       : Initializing Spring DispatcherServlet 'dispatcherServlet'
2026-04-29T08:21:24.830Z  INFO 16648 --- [backend] [nio-8081-exec-1] o.s.web.servlet.DispatcherServlet        : Initializing Servlet 'dispatcherServlet'
2026-04-29T08:21:24.830Z  INFO 16648 --- [backend] [nio-8081-exec-1] o.s.web.servlet.DispatcherServlet        : Completed initialization in 0 ms
Hibernate: select u1_0.id,u1_0.enabled,u1_0.image_url,u1_0.password,u1_0.phone,u1_0.reset_password_expires_at,u1_0.reset_password_token,u1_0.role,u1_0.username,u1_0.verification_code,u1_0.verification_expiration from users u1_0 where u1_0.phone=?
2026-04-29T08:21:26.614Z  INFO 16648 --- [backend] [nio-8081-exec-1] com.backend.Projet.service.SmsService    : SMS sent to ****8758. Balance: 96.4
Hibernate: update users set enabled=?,image_url=?,password=?,phone=?,reset_password_expires_at=?,reset_password_token=?,role=?,username=?,verification_code=?,verification_expiration=? where id=?
2026-04-29T08:22:20.309Z  INFO 16648 --- [backend] [MessageBroker-2] o.s.w.s.c.WebSocketMessageBrokerStats    : WebSocketSession[0 current WS(0)-HttpStream(0)-HttpPoll(0), 0 total, 0 closed abnormally (0 connect failure, 0 send limit, 0 transport error)], stompSubProtocol[processed CONNECT(0)-CONNECTED(0)-DISCONNECT(0)], stompBrokerRelay[null], inboundChannel[pool size = 0, active threads = 0, queued tasks = 0, completed tasks = 0], outboundChannel[pool size = 0, active threads = 0, queued tasks = 0, completed tasks = 0], sockJsScheduler[pool size = 3, active threads = 1, queued tasks = 1, completed tasks = 1]
2026-04-29T08:33:21.251Z  WARN 16648 --- [backend] [l-1 housekeeper] com.zaxxer.hikari.pool.HikariPool        : HikariPool-1 - Thread starvation or clock leap detected (housekeeper delta=4m6s623ms386µs300ns).
Hibernate: select t1_0.id,t1_0.address,aw1_0.id,aw1_0.adresse,aw1_0.availability,aw1_0.average_rating,aw1_0.identity_document_url,aw1_0.image_url,aw1_0.job,aw1_0.name,aw1_0.national_id_number,aw1_0.phone_number,aw1_0.salary,aw1_0.user_id,u2_0.id,u2_0.enabled,u2_0.image_url,u2_0.password,u2_0.phone,u2_0.reset_password_expires_at,u2_0.reset_password_token,u2_0.role,u2_0.username,u2_0.verification_code,u2_0.verification_expiration,aw1_0.verification_notes,aw1_0.verification_status,t1_0.created_at,t1_0.description,t1_0.latitude,t1_0.longitude,t1_0.profession,t1_0.status,t1_0.title,t1_0.user_id,u1_0.id,u1_0.enabled,u1_0.image_url,u1_0.password,u1_0.phone,u1_0.reset_password_expires_at,u1_0.reset_password_token,u1_0.role,u1_0.username,u1_0.verification_code,u1_0.verification_expiration from tasks t1_0 join users u1_0 on u1_0.id=t1_0.user_id left join workers aw1_0 on aw1_0.id=t1_0.assigned_worker_id left join users u2_0 on u2_0.id=aw1_0.user_id where t1_0.status=? order by t1_0.created_at desc limit ?
Hibernate: select count(t1_0.id) from tasks t1_0 where t1_0.status=?
Hibernate: select r1_0.id from ratings r1_0 left join tasks t1_0 on t1_0.id=r1_0.task_id where t1_0.id=? limit ?
Hibernate: select w1_0.id,w1_0.adresse,w1_0.availability,w1_0.average_rating,w1_0.identity_document_url,w1_0.image_url,w1_0.job,w1_0.name,w1_0.national_id_number,w1_0.phone_number,w1_0.salary,w1_0.user_id,u1_0.id,u1_0.enabled,u1_0.image_url,u1_0.password,u1_0.phone,u1_0.reset_password_expires_at,u1_0.reset_password_token,u1_0.role,u1_0.username,u1_0.verification_code,u1_0.verification_expiration,w1_0.verification_notes,w1_0.verification_status from workers w1_0 join users u1_0 on u1_0.id=w1_0.user_id where w1_0.verification_status=? order by w1_0.id desc limit ?
Hibernate: select w1_0.id,w1_0.adresse,w1_0.availability,w1_0.average_rating,w1_0.identity_document_url,w1_0.image_url,w1_0.job,w1_0.name,w1_0.national_id_number,w1_0.phone_number,w1_0.salary,w1_0.user_id,u1_0.id,u1_0.enabled,u1_0.image_url,u1_0.password,u1_0.phone,u1_0.reset_password_expires_at,u1_0.reset_password_token,u1_0.role,u1_0.username,u1_0.verification_code,u1_0.verification_expiration,w1_0.verification_notes,w1_0.verification_status from workers w1_0 join users u1_0 on u1_0.id=w1_0.user_id where w1_0.verification_status=? order by w1_0.id desc limit ?
Hibernate: select count(w1_0.id) from workers w1_0 where w1_0.verification_status=?
Hibernate: select avg(r1_0.stars) from ratings r1_0 where r1_0.worker_id=?
Hibernate: select avg(r1_0.stars) from ratings r1_0 where r1_0.worker_id=?
Hibernate: select avg(r1_0.stars) from ratings r1_0 where r1_0.worker_id=?
Hibernate: select avg(r1_0.stars) from ratings r1_0 where r1_0.worker_id=?
Hibernate: select avg(r1_0.stars) from ratings r1_0 where r1_0.worker_id=?
Hibernate: select avg(r1_0.stars) from ratings r1_0 where r1_0.worker_id=?
Hibernate: select avg(r1_0.stars) from ratings r1_0 where r1_0.worker_id=?
Hibernate: select avg(r1_0.stars) from ratings r1_0 where r1_0.worker_id=?
Hibernate: select t1_0.id,t1_0.address,aw1_0.id,aw1_0.adresse,aw1_0.availability,aw1_0.average_rating,aw1_0.identity_document_url,aw1_0.image_url,aw1_0.job,aw1_0.name,aw1_0.national_id_number,aw1_0.phone_number,aw1_0.salary,aw1_0.user_id,u2_0.id,u2_0.enabled,u2_0.image_url,u2_0.password,u2_0.phone,u2_0.reset_password_expires_at,u2_0.reset_password_token,u2_0.role,u2_0.username,u2_0.verification_code,u2_0.verification_expiration,aw1_0.verification_notes,aw1_0.verification_status,t1_0.created_at,t1_0.description,t1_0.latitude,t1_0.longitude,t1_0.profession,t1_0.status,t1_0.title,t1_0.user_id,u1_0.id,u1_0.enabled,u1_0.image_url,u1_0.password,u1_0.phone,u1_0.reset_password_expires_at,u1_0.reset_password_token,u1_0.role,u1_0.username,u1_0.verification_code,u1_0.verification_expiration from tasks t1_0 join users u1_0 on u1_0.id=t1_0.user_id left join workers aw1_0 on aw1_0.id=t1_0.assigned_worker_id left join users u2_0 on u2_0.id=aw1_0.user_id where t1_0.status=? order by t1_0.created_at desc limit ?
Hibernate: select count(t1_0.id) from tasks t1_0 where t1_0.status=?
Hibernate: select r1_0.id from ratings r1_0 left join tasks t1_0 on t1_0.id=r1_0.task_id where t1_0.id=? limit ?
Hibernate: select w1_0.id,w1_0.adresse,w1_0.availability,w1_0.average_rating,w1_0.identity_document_url,w1_0.image_url,w1_0.job,w1_0.name,w1_0.national_id_number,w1_0.phone_number,w1_0.salary,w1_0.user_id,u1_0.id,u1_0.enabled,u1_0.image_url,u1_0.password,u1_0.phone,u1_0.reset_password_expires_at,u1_0.reset_password_token,u1_0.role,u1_0.username,u1_0.verification_code,u1_0.verification_expiration,w1_0.verification_notes,w1_0.verification_status from workers w1_0 join users u1_0 on u1_0.id=w1_0.user_id where w1_0.verification_status=? order by w1_0.id desc limit ?
Hibernate: select w1_0.id,w1_0.adresse,w1_0.availability,w1_0.average_rating,w1_0.identity_document_url,w1_0.image_url,w1_0.job,w1_0.name,w1_0.national_id_number,w1_0.phone_number,w1_0.salary,w1_0.user_id,u1_0.id,u1_0.enabled,u1_0.image_url,u1_0.password,u1_0.phone,u1_0.reset_password_expires_at,u1_0.reset_password_token,u1_0.role,u1_0.username,u1_0.verification_code,u1_0.verification_expiration,w1_0.verification_notes,w1_0.verification_status from workers w1_0 join users u1_0 on u1_0.id=w1_0.user_id where w1_0.verification_status=? order by w1_0.id desc limit ?
Hibernate: select count(w1_0.id) from workers w1_0 where w1_0.verification_status=?
Hibernate: select avg(r1_0.stars) from ratings r1_0 where r1_0.worker_id=?
Hibernate: select avg(r1_0.stars) from ratings r1_0 where r1_0.worker_id=?
Hibernate: select avg(r1_0.stars) from ratings r1_0 where r1_0.worker_id=?
Hibernate: select avg(r1_0.stars) from ratings r1_0 where r1_0.worker_id=?
Hibernate: select avg(r1_0.stars) from ratings r1_0 where r1_0.worker_id=?
Hibernate: select avg(r1_0.stars) from ratings r1_0 where r1_0.worker_id=?
Hibernate: select avg(r1_0.stars) from ratings r1_0 where r1_0.worker_id=?
Hibernate: select avg(r1_0.stars) from ratings r1_0 where r1_0.worker_id=?
Hibernate: select t1_0.id,t1_0.address,aw1_0.id,aw1_0.adresse,aw1_0.availability,aw1_0.average_rating,aw1_0.identity_document_url,aw1_0.image_url,aw1_0.job,aw1_0.name,aw1_0.national_id_number,aw1_0.phone_number,aw1_0.salary,aw1_0.user_id,u2_0.id,u2_0.enabled,u2_0.image_url,u2_0.password,u2_0.phone,u2_0.reset_password_expires_at,u2_0.reset_password_token,u2_0.role,u2_0.username,u2_0.verification_code,u2_0.verification_expiration,aw1_0.verification_notes,aw1_0.verification_status,t1_0.created_at,t1_0.description,t1_0.latitude,t1_0.longitude,t1_0.profession,t1_0.status,t1_0.title,t1_0.user_id,u1_0.id,u1_0.enabled,u1_0.image_url,u1_0.password,u1_0.phone,u1_0.reset_password_expires_at,u1_0.reset_password_token,u1_0.role,u1_0.username,u1_0.verification_code,u1_0.verification_expiration from tasks t1_0 join users u1_0 on u1_0.id=t1_0.user_id left join workers aw1_0 on aw1_0.id=t1_0.assigned_worker_id left join users u2_0 on u2_0.id=aw1_0.user_id where t1_0.status=? order by t1_0.created_at desc limit ?
Hibernate: select w1_0.id,w1_0.adresse,w1_0.availability,w1_0.average_rating,w1_0.identity_document_url,w1_0.image_url,w1_0.job,w1_0.name,w1_0.national_id_number,w1_0.phone_number,w1_0.salary,w1_0.user_id,u1_0.id,u1_0.enabled,u1_0.image_url,u1_0.password,u1_0.phone,u1_0.reset_password_expires_at,u1_0.reset_password_token,u1_0.role,u1_0.username,u1_0.verification_code,u1_0.verification_expiration,w1_0.verification_notes,w1_0.verification_status from workers w1_0 join users u1_0 on u1_0.id=w1_0.user_id where w1_0.verification_status=? order by w1_0.id desc limit ?
Hibernate: select w1_0.id,w1_0.adresse,w1_0.availability,w1_0.average_rating,w1_0.identity_document_url,w1_0.image_url,w1_0.job,w1_0.name,w1_0.national_id_number,w1_0.phone_number,w1_0.salary,w1_0.user_id,u1_0.id,u1_0.enabled,u1_0.image_url,u1_0.password,u1_0.phone,u1_0.reset_password_expires_at,u1_0.reset_password_token,u1_0.role,u1_0.username,u1_0.verification_code,u1_0.verification_expiration,w1_0.verification_notes,w1_0.verification_status from workers w1_0 join users u1_0 on u1_0.id=w1_0.user_id where w1_0.verification_status=? order by w1_0.id desc limit ?
Hibernate: select count(t1_0.id) from tasks t1_0 where t1_0.status=?
Hibernate: select count(w1_0.id) from workers w1_0 where w1_0.verification_status=?
Hibernate: select avg(r1_0.stars) from ratings r1_0 where r1_0.worker_id=?
Hibernate: select r1_0.id from ratings r1_0 left join tasks t1_0 on t1_0.id=r1_0.task_id where t1_0.id=? limit ?
Hibernate: select avg(r1_0.stars) from ratings r1_0 where r1_0.worker_id=?
Hibernate: select avg(r1_0.stars) from ratings r1_0 where r1_0.worker_id=?
Hibernate: select avg(r1_0.stars) from ratings r1_0 where r1_0.worker_id=?
Hibernate: select avg(r1_0.stars) from ratings r1_0 where r1_0.worker_id=?
Hibernate: select avg(r1_0.stars) from ratings r1_0 where r1_0.worker_id=?
Hibernate: select avg(r1_0.stars) from ratings r1_0 where r1_0.worker_id=?
Hibernate: select avg(r1_0.stars) from ratings r1_0 where r1_0.worker_id=?
Hibernate: select t1_0.id,t1_0.address,aw1_0.id,aw1_0.adresse,aw1_0.availability,aw1_0.average_rating,aw1_0.identity_document_url,aw1_0.image_url,aw1_0.job,aw1_0.name,aw1_0.national_id_number,aw1_0.phone_number,aw1_0.salary,aw1_0.user_id,u2_0.id,u2_0.enabled,u2_0.image_url,u2_0.password,u2_0.phone,u2_0.reset_password_expires_at,u2_0.reset_password_token,u2_0.role,u2_0.username,u2_0.verification_code,u2_0.verification_expiration,aw1_0.verification_notes,aw1_0.verification_status,t1_0.created_at,t1_0.description,t1_0.latitude,t1_0.longitude,t1_0.profession,t1_0.status,t1_0.title,t1_0.user_id,u1_0.id,u1_0.enabled,u1_0.image_url,u1_0.password,u1_0.phone,u1_0.reset_password_expires_at,u1_0.reset_password_token,u1_0.role,u1_0.username,u1_0.verification_code,u1_0.verification_expiration from tasks t1_0 join users u1_0 on u1_0.id=t1_0.user_id left join workers aw1_0 on aw1_0.id=t1_0.assigned_worker_id left join users u2_0 on u2_0.id=aw1_0.user_id where t1_0.status=? order by t1_0.created_at desc limit ?
Hibernate: select w1_0.id,w1_0.adresse,w1_0.availability,w1_0.average_rating,w1_0.identity_document_url,w1_0.image_url,w1_0.job,w1_0.name,w1_0.national_id_number,w1_0.phone_number,w1_0.salary,w1_0.user_id,u1_0.id,u1_0.enabled,u1_0.image_url,u1_0.password,u1_0.phone,u1_0.reset_password_expires_at,u1_0.reset_password_token,u1_0.role,u1_0.username,u1_0.verification_code,u1_0.verification_expiration,w1_0.verification_notes,w1_0.verification_status from workers w1_0 join users u1_0 on u1_0.id=w1_0.user_id where w1_0.verification_status=? order by w1_0.id desc limit ?
Hibernate: select count(t1_0.id) from tasks t1_0 where t1_0.status=?
Hibernate: select r1_0.id from ratings r1_0 left join tasks t1_0 on t1_0.id=r1_0.task_id where t1_0.id=? limit ?
Hibernate: select count(w1_0.id) from workers w1_0 where w1_0.verification_status=?
Hibernate: select avg(r1_0.stars) from ratings r1_0 where r1_0.worker_id=?
Hibernate: select w1_0.id,w1_0.adresse,w1_0.availability,w1_0.average_rating,w1_0.identity_document_url,w1_0.image_url,w1_0.job,w1_0.name,w1_0.national_id_number,w1_0.phone_number,w1_0.salary,w1_0.user_id,u1_0.id,u1_0.enabled,u1_0.image_url,u1_0.password,u1_0.phone,u1_0.reset_password_expires_at,u1_0.reset_password_token,u1_0.role,u1_0.username,u1_0.verification_code,u1_0.verification_expiration,w1_0.verification_notes,w1_0.verification_status from workers w1_0 join users u1_0 on u1_0.id=w1_0.user_id where w1_0.verification_status=? order by w1_0.id desc limit ?
Hibernate: select avg(r1_0.stars) from ratings r1_0 where r1_0.worker_id=?
Hibernate: select avg(r1_0.stars) from ratings r1_0 where r1_0.worker_id=?
Hibernate: select avg(r1_0.stars) from ratings r1_0 where r1_0.worker_id=?
Hibernate: select avg(r1_0.stars) from ratings r1_0 where r1_0.worker_id=?
Hibernate: select avg(r1_0.stars) from ratings r1_0 where r1_0.worker_id=?
Hibernate: select avg(r1_0.stars) from ratings r1_0 where r1_0.worker_id=?
Hibernate: select avg(r1_0.stars) from ratings r1_0 where r1_0.worker_id=?
Hibernate: select u1_0.id,u1_0.enabled,u1_0.image_url,u1_0.password,u1_0.phone,u1_0.reset_password_expires_at,u1_0.reset_password_token,u1_0.role,u1_0.username,u1_0.verification_code,u1_0.verification_expiration from users u1_0 where u1_0.phone=?
Hibernate: select u1_0.id,u1_0.enabled,u1_0.image_url,u1_0.password,u1_0.phone,u1_0.reset_password_expires_at,u1_0.reset_password_token,u1_0.role,u1_0.username,u1_0.verification_code,u1_0.verification_expiration from users u1_0 where u1_0.phone=?
Hibernate: select u1_0.id,u1_0.enabled,u1_0.image_url,u1_0.password,u1_0.phone,u1_0.reset_password_expires_at,u1_0.reset_password_token,u1_0.role,u1_0.username,u1_0.verification_code,u1_0.verification_expiration from users u1_0 where u1_0.phone=?
Hibernate: select u1_0.id,u1_0.enabled,u1_0.image_url,u1_0.password,u1_0.phone,u1_0.reset_password_expires_at,u1_0.reset_password_token,u1_0.role,u1_0.username,u1_0.verification_code,u1_0.verification_expiration from users u1_0 where u1_0.phone=?
Hibernate: select u1_0.id,u1_0.enabled,u1_0.image_url,u1_0.password,u1_0.phone,u1_0.reset_password_expires_at,u1_0.reset_password_token,u1_0.role,u1_0.username,u1_0.verification_code,u1_0.verification_expiration from users u1_0 where u1_0.phone=?
Hibernate: select n1_0.id,n1_0.created_at,n1_0.is_read,n1_0.message,n1_0.type,n1_0.user_id,u2_0.id,u2_0.enabled,u2_0.image_url,u2_0.password,u2_0.phone,u2_0.reset_password_expires_at,u2_0.reset_password_token,u2_0.role,u2_0.username,u2_0.verification_code,u2_0.verification_expiration from notifications n1_0 left join users u1_0 on u1_0.id=n1_0.user_id join users u2_0 on u2_0.id=n1_0.user_id where u1_0.id=? order by n1_0.created_at desc
Hibernate: select count(n1_0.id) from notifications n1_0 left join users u1_0 on u1_0.id=n1_0.user_id where u1_0.id=? and not(n1_0.is_read)
Hibernate: select u1_0.id,u1_0.enabled,u1_0.image_url,u1_0.password,u1_0.phone,u1_0.reset_password_expires_at,u1_0.reset_password_token,u1_0.role,u1_0.username,u1_0.verification_code,u1_0.verification_expiration from users u1_0 where u1_0.phone=?
Hibernate: select u1_0.id,u1_0.enabled,u1_0.image_url,u1_0.password,u1_0.phone,u1_0.reset_password_expires_at,u1_0.reset_password_token,u1_0.role,u1_0.username,u1_0.verification_code,u1_0.verification_expiration from users u1_0 where u1_0.phone=?
Hibernate: select u1_0.id,u1_0.enabled,u1_0.image_url,u1_0.password,u1_0.phone,u1_0.reset_password_expires_at,u1_0.reset_password_token,u1_0.role,u1_0.username,u1_0.verification_code,u1_0.verification_expiration from users u1_0 where u1_0.phone=?
Hibernate: select count(n1_0.id) from notifications n1_0 left join users u1_0 on u1_0.id=n1_0.user_id where u1_0.id=? and not(n1_0.is_read)
Hibernate: select n1_0.id,n1_0.created_at,n1_0.is_read,n1_0.message,n1_0.type,n1_0.user_id,u2_0.id,u2_0.enabled,u2_0.image_url,u2_0.password,u2_0.phone,u2_0.reset_password_expires_at,u2_0.reset_password_token,u2_0.role,u2_0.username,u2_0.verification_code,u2_0.verification_expiration from notifications n1_0 left join users u1_0 on u1_0.id=n1_0.user_id join users u2_0 on u2_0.id=n1_0.user_id where u1_0.id=? order by n1_0.created_at desc
Hibernate: select u1_0.id,u1_0.enabled,u1_0.image_url,u1_0.password,u1_0.phone,u1_0.reset_password_expires_at,u1_0.reset_password_token,u1_0.role,u1_0.username,u1_0.verification_code,u1_0.verification_expiration from users u1_0 where u1_0.phone=?
Hibernate: select u1_0.id,u1_0.enabled,u1_0.image_url,u1_0.password,u1_0.phone,u1_0.reset_password_expires_at,u1_0.reset_password_token,u1_0.role,u1_0.username,u1_0.verification_code,u1_0.verification_expiration from users u1_0 where u1_0.phone=?
Hibernate: select u1_0.id,u1_0.enabled,u1_0.image_url,u1_0.password,u1_0.phone,u1_0.reset_password_expires_at,u1_0.reset_password_token,u1_0.role,u1_0.username,u1_0.verification_code,u1_0.verification_expiration from users u1_0 where u1_0.phone=?
Hibernate: select w1_0.id,w1_0.adresse,w1_0.availability,w1_0.average_rating,w1_0.identity_document_url,w1_0.image_url,w1_0.job,w1_0.name,w1_0.national_id_number,w1_0.phone_number,w1_0.salary,w1_0.user_id,u1_0.id,u1_0.enabled,u1_0.image_url,u1_0.password,u1_0.phone,u1_0.reset_password_expires_at,u1_0.reset_password_token,u1_0.role,u1_0.username,u1_0.verification_code,u1_0.verification_expiration,w1_0.verification_notes,w1_0.verification_status from workers w1_0 join users u1_0 on u1_0.id=w1_0.user_id where w1_0.verification_status=? order by w1_0.id desc limit ?
Hibernate: select avg(r1_0.stars) from ratings r1_0 where r1_0.worker_id=?
Hibernate: select avg(r1_0.stars) from ratings r1_0 where r1_0.worker_id=?
Hibernate: select avg(r1_0.stars) from ratings r1_0 where r1_0.worker_id=?
Hibernate: select t1_0.id,t1_0.address,aw1_0.id,aw1_0.adresse,aw1_0.availability,aw1_0.average_rating,aw1_0.identity_document_url,aw1_0.image_url,aw1_0.job,aw1_0.name,aw1_0.national_id_number,aw1_0.phone_number,aw1_0.salary,aw1_0.user_id,u2_0.id,u2_0.enabled,u2_0.image_url,u2_0.password,u2_0.phone,u2_0.reset_password_expires_at,u2_0.reset_password_token,u2_0.role,u2_0.username,u2_0.verification_code,u2_0.verification_expiration,aw1_0.verification_notes,aw1_0.verification_status,t1_0.created_at,t1_0.description,t1_0.latitude,t1_0.longitude,t1_0.profession,t1_0.status,t1_0.title,t1_0.user_id,u1_0.id,u1_0.enabled,u1_0.image_url,u1_0.password,u1_0.phone,u1_0.reset_password_expires_at,u1_0.reset_password_token,u1_0.role,u1_0.username,u1_0.verification_code,u1_0.verification_expiration from tasks t1_0 join users u1_0 on u1_0.id=t1_0.user_id left join workers aw1_0 on aw1_0.id=t1_0.assigned_worker_id left join users u2_0 on u2_0.id=aw1_0.user_id where u1_0.id=? order by t1_0.created_at desc limit ?
Hibernate: select avg(r1_0.stars) from ratings r1_0 where r1_0.worker_id=?
Hibernate: select b1_0.id,b1_0.address,b1_0.booking_date,b1_0.created_at,b1_0.description,b1_0.price,b1_0.status,b1_0.user_id,u2_0.id,u2_0.enabled,u2_0.image_url,u2_0.password,u2_0.phone,u2_0.reset_password_expires_at,u2_0.reset_password_token,u2_0.role,u2_0.username,u2_0.verification_code,u2_0.verification_expiration,b1_0.worker_id,w2_0.id,w2_0.adresse,w2_0.availability,w2_0.average_rating,w2_0.identity_document_url,w2_0.image_url,w2_0.job,w2_0.name,w2_0.national_id_number,w2_0.phone_number,w2_0.salary,w2_0.user_id,u3_0.id,u3_0.enabled,u3_0.image_url,u3_0.password,u3_0.phone,u3_0.reset_password_expires_at,u3_0.reset_password_token,u3_0.role,u3_0.username,u3_0.verification_code,u3_0.verification_expiration,w2_0.verification_notes,w2_0.verification_status from bookings b1_0 left join workers w1_0 on w1_0.id=b1_0.worker_id left join users u1_0 on u1_0.id=w1_0.user_id join users u2_0 on u2_0.id=b1_0.user_id join workers w2_0 on w2_0.id=b1_0.worker_id join users u3_0 on u3_0.id=w2_0.user_id where u1_0.id=?
Hibernate: select b1_0.id,b1_0.address,b1_0.booking_date,b1_0.created_at,b1_0.description,b1_0.price,b1_0.status,b1_0.user_id,u2_0.id,u2_0.enabled,u2_0.image_url,u2_0.password,u2_0.phone,u2_0.reset_password_expires_at,u2_0.reset_password_token,u2_0.role,u2_0.username,u2_0.verification_code,u2_0.verification_expiration,b1_0.worker_id,w1_0.id,w1_0.adresse,w1_0.availability,w1_0.average_rating,w1_0.identity_document_url,w1_0.image_url,w1_0.job,w1_0.name,w1_0.national_id_number,w1_0.phone_number,w1_0.salary,w1_0.user_id,u3_0.id,u3_0.enabled,u3_0.image_url,u3_0.password,u3_0.phone,u3_0.reset_password_expires_at,u3_0.reset_password_token,u3_0.role,u3_0.username,u3_0.verification_code,u3_0.verification_expiration,w1_0.verification_notes,w1_0.verification_status from bookings b1_0 left join users u1_0 on u1_0.id=b1_0.user_id join users u2_0 on u2_0.id=b1_0.user_id join workers w1_0 on w1_0.id=b1_0.worker_id join users u3_0 on u3_0.id=w1_0.user_id where u1_0.id=?
Hibernate: select avg(r1_0.stars) from ratings r1_0 where r1_0.worker_id=?
Hibernate: select avg(r1_0.stars) from ratings r1_0 where r1_0.worker_id=?
Hibernate: select u1_0.id,u1_0.enabled,u1_0.image_url,u1_0.password,u1_0.phone,u1_0.reset_password_expires_at,u1_0.reset_password_token,u1_0.role,u1_0.username,u1_0.verification_code,u1_0.verification_expiration from users u1_0 where u1_0.phone=?
Hibernate: select avg(r1_0.stars) from ratings r1_0 where r1_0.worker_id=?
Hibernate: select r1_0.id from ratings r1_0 left join tasks t1_0 on t1_0.id=r1_0.task_id where t1_0.id=? limit ?
Hibernate: select r1_0.id from ratings r1_0 left join tasks t1_0 on t1_0.id=r1_0.task_id where t1_0.id=? limit ?
Hibernate: select r1_0.id from ratings r1_0 left join tasks t1_0 on t1_0.id=r1_0.task_id where t1_0.id=? limit ?
Hibernate: select r1_0.id from ratings r1_0 left join tasks t1_0 on t1_0.id=r1_0.task_id where t1_0.id=? limit ?
Hibernate: select o1_0.id,o1_0.created_at,o1_0.message,o1_0.status,o1_0.task_id,t1_0.id,t1_0.address,t1_0.assigned_worker_id,t1_0.created_at,t1_0.description,t1_0.latitude,t1_0.longitude,t1_0.profession,t1_0.status,t1_0.title,t1_0.user_id,u2_0.id,u2_0.enabled,u2_0.image_url,u2_0.password,u2_0.phone,u2_0.reset_password_expires_at,u2_0.reset_password_token,u2_0.role,u2_0.username,u2_0.verification_code,u2_0.verification_expiration,o1_0.worker_id,w2_0.id,w2_0.adresse,w2_0.availability,w2_0.average_rating,w2_0.identity_document_url,w2_0.image_url,w2_0.job,w2_0.name,w2_0.national_id_number,w2_0.phone_number,w2_0.salary,w2_0.user_id,u3_0.id,u3_0.enabled,u3_0.image_url,u3_0.password,u3_0.phone,u3_0.reset_password_expires_at,u3_0.reset_password_token,u3_0.role,u3_0.username,u3_0.verification_code,u3_0.verification_expiration,w2_0.verification_notes,w2_0.verification_status from offers o1_0 left join workers w1_0 on w1_0.id=o1_0.worker_id left join users u1_0 on u1_0.id=w1_0.user_id join tasks t1_0 on t1_0.id=o1_0.task_id join users u2_0 on u2_0.id=t1_0.user_id join workers w2_0 on w2_0.id=o1_0.worker_id join users u3_0 on u3_0.id=w2_0.user_id where u1_0.id=?
Hibernate: select u1_0.id,u1_0.enabled,u1_0.image_url,u1_0.password,u1_0.phone,u1_0.reset_password_expires_at,u1_0.reset_password_token,u1_0.role,u1_0.username,u1_0.verification_code,u1_0.verification_expiration from users u1_0 where u1_0.phone=?
Hibernate: select r1_0.id from ratings r1_0 left join tasks t1_0 on t1_0.id=r1_0.task_id where t1_0.id=? limit ?
Hibernate: select w1_0.id,w1_0.adresse,w1_0.availability,w1_0.average_rating,w1_0.identity_document_url,w1_0.image_url,w1_0.job,w1_0.name,w1_0.national_id_number,w1_0.phone_number,w1_0.salary,w1_0.user_id,u1_0.id,u1_0.enabled,u1_0.image_url,u1_0.password,u1_0.phone,u1_0.reset_password_expires_at,u1_0.reset_password_token,u1_0.role,u1_0.username,u1_0.verification_code,u1_0.verification_expiration,w1_0.verification_notes,w1_0.verification_status from workers w1_0 join users u1_0 on u1_0.id=w1_0.user_id where w1_0.verification_status=? order by w1_0.id desc limit ?
Hibernate: select avg(r1_0.stars) from ratings r1_0 where r1_0.worker_id=?
Hibernate: select avg(r1_0.stars) from ratings r1_0 where r1_0.worker_id=?
Hibernate: select avg(r1_0.stars) from ratings r1_0 where r1_0.worker_id=?
Hibernate: select avg(r1_0.stars) from ratings r1_0 where r1_0.worker_id=?
Hibernate: select r1_0.id from ratings r1_0 left join bookings b1_0 on b1_0.id=r1_0.booking_id where b1_0.id=? limit ?
Hibernate: select b1_0.id,b1_0.address,b1_0.booking_date,b1_0.created_at,b1_0.description,b1_0.price,b1_0.status,b1_0.user_id,u2_0.id,u2_0.enabled,u2_0.image_url,u2_0.password,u2_0.phone,u2_0.reset_password_expires_at,u2_0.reset_password_token,u2_0.role,u2_0.username,u2_0.verification_code,u2_0.verification_expiration,b1_0.worker_id,w2_0.id,w2_0.adresse,w2_0.availability,w2_0.average_rating,w2_0.identity_document_url,w2_0.image_url,w2_0.job,w2_0.name,w2_0.national_id_number,w2_0.phone_number,w2_0.salary,w2_0.user_id,u3_0.id,u3_0.enabled,u3_0.image_url,u3_0.password,u3_0.phone,u3_0.reset_password_expires_at,u3_0.reset_password_token,u3_0.role,u3_0.username,u3_0.verification_code,u3_0.verification_expiration,w2_0.verification_notes,w2_0.verification_status from bookings b1_0 left join workers w1_0 on w1_0.id=b1_0.worker_id left join users u1_0 on u1_0.id=w1_0.user_id join users u2_0 on u2_0.id=b1_0.user_id join workers w2_0 on w2_0.id=b1_0.worker_id join users u3_0 on u3_0.id=w2_0.user_id where u1_0.id=?
Hibernate: select avg(r1_0.stars) from ratings r1_0 where r1_0.worker_id=?
Hibernate: select avg(r1_0.stars) from ratings r1_0 where r1_0.worker_id=?
Hibernate: select avg(r1_0.stars) from ratings r1_0 where r1_0.worker_id=?
Hibernate: select r1_0.id from ratings r1_0 left join bookings b1_0 on b1_0.id=r1_0.booking_id where b1_0.id=? limit ?
Hibernate: select u1_0.id,u1_0.enabled,u1_0.image_url,u1_0.password,u1_0.phone,u1_0.reset_password_expires_at,u1_0.reset_password_token,u1_0.role,u1_0.username,u1_0.verification_code,u1_0.verification_expiration from users u1_0 where u1_0.phone=?
Hibernate: select u1_0.id,u1_0.enabled,u1_0.image_url,u1_0.password,u1_0.phone,u1_0.reset_password_expires_at,u1_0.reset_password_token,u1_0.role,u1_0.username,u1_0.verification_code,u1_0.verification_expiration from users u1_0 where u1_0.phone=?
Hibernate: select r1_0.id from ratings r1_0 left join bookings b1_0 on b1_0.id=r1_0.booking_id where b1_0.id=? limit ?
Hibernate: select r1_0.id from ratings r1_0 left join bookings b1_0 on b1_0.id=r1_0.booking_id where b1_0.id=? limit ?
Hibernate: select t1_0.id,t1_0.address,aw1_0.id,aw1_0.adresse,aw1_0.availability,aw1_0.average_rating,aw1_0.identity_document_url,aw1_0.image_url,aw1_0.job,aw1_0.name,aw1_0.national_id_number,aw1_0.phone_number,aw1_0.salary,aw1_0.user_id,u2_0.id,u2_0.enabled,u2_0.image_url,u2_0.password,u2_0.phone,u2_0.reset_password_expires_at,u2_0.reset_password_token,u2_0.role,u2_0.username,u2_0.verification_code,u2_0.verification_expiration,aw1_0.verification_notes,aw1_0.verification_status,t1_0.created_at,t1_0.description,t1_0.latitude,t1_0.longitude,t1_0.profession,t1_0.status,t1_0.title,t1_0.user_id,u1_0.id,u1_0.enabled,u1_0.image_url,u1_0.password,u1_0.phone,u1_0.reset_password_expires_at,u1_0.reset_password_token,u1_0.role,u1_0.username,u1_0.verification_code,u1_0.verification_expiration from tasks t1_0 join users u1_0 on u1_0.id=t1_0.user_id left join workers aw1_0 on aw1_0.id=t1_0.assigned_worker_id left join users u2_0 on u2_0.id=aw1_0.user_id where u1_0.id=? order by t1_0.created_at desc limit ?
Hibernate: select r1_0.id from ratings r1_0 left join bookings b1_0 on b1_0.id=r1_0.booking_id where b1_0.id=? limit ?
Hibernate: select o1_0.id,o1_0.created_at,o1_0.message,o1_0.status,o1_0.task_id,t1_0.id,t1_0.address,t1_0.assigned_worker_id,t1_0.created_at,t1_0.description,t1_0.latitude,t1_0.longitude,t1_0.profession,t1_0.status,t1_0.title,t1_0.user_id,u2_0.id,u2_0.enabled,u2_0.image_url,u2_0.password,u2_0.phone,u2_0.reset_password_expires_at,u2_0.reset_password_token,u2_0.role,u2_0.username,u2_0.verification_code,u2_0.verification_expiration,o1_0.worker_id,w2_0.id,w2_0.adresse,w2_0.availability,w2_0.average_rating,w2_0.identity_document_url,w2_0.image_url,w2_0.job,w2_0.name,w2_0.national_id_number,w2_0.phone_number,w2_0.salary,w2_0.user_id,u3_0.id,u3_0.enabled,u3_0.image_url,u3_0.password,u3_0.phone,u3_0.reset_password_expires_at,u3_0.reset_password_token,u3_0.role,u3_0.username,u3_0.verification_code,u3_0.verification_expiration,w2_0.verification_notes,w2_0.verification_status from offers o1_0 left join workers w1_0 on w1_0.id=o1_0.worker_id left join users u1_0 on u1_0.id=w1_0.user_id join tasks t1_0 on t1_0.id=o1_0.task_id join users u2_0 on u2_0.id=t1_0.user_id join workers w2_0 on w2_0.id=o1_0.worker_id join users u3_0 on u3_0.id=w2_0.user_id where u1_0.id=?
Hibernate: select r1_0.id from ratings r1_0 left join tasks t1_0 on t1_0.id=r1_0.task_id where t1_0.id=? limit ?
Hibernate: select r1_0.id from ratings r1_0 left join bookings b1_0 on b1_0.id=r1_0.booking_id where b1_0.id=? limit ?
Hibernate: select r1_0.id from ratings r1_0 left join tasks t1_0 on t1_0.id=r1_0.task_id where t1_0.id=? limit ?
Hibernate: select r1_0.id from ratings r1_0 left join bookings b1_0 on b1_0.id=r1_0.booking_id where b1_0.id=? limit ?
Hibernate: select r1_0.id from ratings r1_0 left join tasks t1_0 on t1_0.id=r1_0.task_id where t1_0.id=? limit ?
Hibernate: select r1_0.id from ratings r1_0 left join bookings b1_0 on b1_0.id=r1_0.booking_id where b1_0.id=? limit ?
Hibernate: select r1_0.id from ratings r1_0 left join tasks t1_0 on t1_0.id=r1_0.task_id where t1_0.id=? limit ?
Hibernate: select r1_0.id from ratings r1_0 left join tasks t1_0 on t1_0.id=r1_0.task_id where t1_0.id=? limit ?
Hibernate: select u1_0.id,u1_0.enabled,u1_0.image_url,u1_0.password,u1_0.phone,u1_0.reset_password_expires_at,u1_0.reset_password_token,u1_0.role,u1_0.username,u1_0.verification_code,u1_0.verification_expiration from users u1_0 where u1_0.phone=?
Hibernate: select b1_0.id,b1_0.address,b1_0.booking_date,b1_0.created_at,b1_0.description,b1_0.price,b1_0.status,b1_0.user_id,u2_0.id,u2_0.enabled,u2_0.image_url,u2_0.password,u2_0.phone,u2_0.reset_password_expires_at,u2_0.reset_password_token,u2_0.role,u2_0.username,u2_0.verification_code,u2_0.verification_expiration,b1_0.worker_id,w1_0.id,w1_0.adresse,w1_0.availability,w1_0.average_rating,w1_0.identity_document_url,w1_0.image_url,w1_0.job,w1_0.name,w1_0.national_id_number,w1_0.phone_number,w1_0.salary,w1_0.user_id,u3_0.id,u3_0.enabled,u3_0.image_url,u3_0.password,u3_0.phone,u3_0.reset_password_expires_at,u3_0.reset_password_token,u3_0.role,u3_0.username,u3_0.verification_code,u3_0.verification_expiration,w1_0.verification_notes,w1_0.verification_status from bookings b1_0 left join users u1_0 on u1_0.id=b1_0.user_id join users u2_0 on u2_0.id=b1_0.user_id join workers w1_0 on w1_0.id=b1_0.worker_id join users u3_0 on u3_0.id=w1_0.user_id where u1_0.id=?
Hibernate: select r1_0.id from ratings r1_0 left join bookings b1_0 on b1_0.id=r1_0.booking_id where b1_0.id=? limit ?
Hibernate: select r1_0.id from ratings r1_0 left join bookings b1_0 on b1_0.id=r1_0.booking_id where b1_0.id=? limit ?
Hibernate: select r1_0.id from ratings r1_0 left join bookings b1_0 on b1_0.id=r1_0.booking_id where b1_0.id=? limit ?
Hibernate: select r1_0.id from ratings r1_0 left join bookings b1_0 on b1_0.id=r1_0.booking_id where b1_0.id=? limit ?
Hibernate: select r1_0.id from ratings r1_0 left join bookings b1_0 on b1_0.id=r1_0.booking_id where b1_0.id=? limit ?
Hibernate: select r1_0.id from ratings r1_0 left join bookings b1_0 on b1_0.id=r1_0.booking_id where b1_0.id=? limit ?
Hibernate: select r1_0.id from ratings r1_0 left join bookings b1_0 on b1_0.id=r1_0.booking_id where b1_0.id=? limit ?
Hibernate: select r1_0.id from ratings r1_0 left join bookings b1_0 on b1_0.id=r1_0.booking_id where b1_0.id=? limit ?
Hibernate: select u1_0.id,u1_0.enabled,u1_0.image_url,u1_0.password,u1_0.phone,u1_0.reset_password_expires_at,u1_0.reset_password_token,u1_0.role,u1_0.username,u1_0.verification_code,u1_0.verification_expiration from users u1_0 where u1_0.phone=?
Hibernate: select u1_0.id,u1_0.enabled,u1_0.image_url,u1_0.password,u1_0.phone,u1_0.reset_password_expires_at,u1_0.reset_password_token,u1_0.role,u1_0.username,u1_0.verification_code,u1_0.verification_expiration from users u1_0 where u1_0.phone=?
Hibernate: select n1_0.id,n1_0.created_at,n1_0.is_read,n1_0.message,n1_0.type,n1_0.user_id,u2_0.id,u2_0.enabled,u2_0.image_url,u2_0.password,u2_0.phone,u2_0.reset_password_expires_at,u2_0.reset_password_token,u2_0.role,u2_0.username,u2_0.verification_code,u2_0.verification_expiration from notifications n1_0 left join users u1_0 on u1_0.id=n1_0.user_id join users u2_0 on u2_0.id=n1_0.user_id where u1_0.id=? order by n1_0.created_at desc
Hibernate: select count(n1_0.id) from notifications n1_0 left join users u1_0 on u1_0.id=n1_0.user_id where u1_0.id=? and not(n1_0.is_read)
Hibernate: select w1_0.id,w1_0.adresse,w1_0.availability,w1_0.average_rating,w1_0.identity_document_url,w1_0.image_url,w1_0.job,w1_0.name,w1_0.national_id_number,w1_0.phone_number,w1_0.salary,w1_0.user_id,u1_0.id,u1_0.enabled,u1_0.image_url,u1_0.password,u1_0.phone,u1_0.reset_password_expires_at,u1_0.reset_password_token,u1_0.role,u1_0.username,u1_0.verification_code,u1_0.verification_expiration,w1_0.verification_notes,w1_0.verification_status from workers w1_0 join users u1_0 on u1_0.id=w1_0.user_id where w1_0.verification_status=? order by w1_0.id desc limit ?
Hibernate: select t1_0.id,t1_0.address,aw1_0.id,aw1_0.adresse,aw1_0.availability,aw1_0.average_rating,aw1_0.identity_document_url,aw1_0.image_url,aw1_0.job,aw1_0.name,aw1_0.national_id_number,aw1_0.phone_number,aw1_0.salary,aw1_0.user_id,u2_0.id,u2_0.enabled,u2_0.image_url,u2_0.password,u2_0.phone,u2_0.reset_password_expires_at,u2_0.reset_password_token,u2_0.role,u2_0.username,u2_0.verification_code,u2_0.verification_expiration,aw1_0.verification_notes,aw1_0.verification_status,t1_0.created_at,t1_0.description,t1_0.latitude,t1_0.longitude,t1_0.profession,t1_0.status,t1_0.title,t1_0.user_id,u1_0.id,u1_0.enabled,u1_0.image_url,u1_0.password,u1_0.phone,u1_0.reset_password_expires_at,u1_0.reset_password_token,u1_0.role,u1_0.username,u1_0.verification_code,u1_0.verification_expiration from tasks t1_0 join users u1_0 on u1_0.id=t1_0.user_id left join workers aw1_0 on aw1_0.id=t1_0.assigned_worker_id left join users u2_0 on u2_0.id=aw1_0.user_id where t1_0.status=? order by t1_0.created_at desc limit ?
Hibernate: select w1_0.id,w1_0.adresse,w1_0.availability,w1_0.average_rating,w1_0.identity_document_url,w1_0.image_url,w1_0.job,w1_0.name,w1_0.national_id_number,w1_0.phone_number,w1_0.salary,w1_0.user_id,u1_0.id,u1_0.enabled,u1_0.image_url,u1_0.password,u1_0.phone,u1_0.reset_password_expires_at,u1_0.reset_password_token,u1_0.role,u1_0.username,u1_0.verification_code,u1_0.verification_expiration,w1_0.verification_notes,w1_0.verification_status from workers w1_0 join users u1_0 on u1_0.id=w1_0.user_id where w1_0.verification_status=? order by w1_0.id desc limit ?
Hibernate: select count(t1_0.id) from tasks t1_0 where t1_0.status=?
Hibernate: select avg(r1_0.stars) from ratings r1_0 where r1_0.worker_id=?
Hibernate: select count(w1_0.id) from workers w1_0 where w1_0.verification_status=?
Hibernate: select avg(r1_0.stars) from ratings r1_0 where r1_0.worker_id=?
Hibernate: select avg(r1_0.stars) from ratings r1_0 where r1_0.worker_id=?
Hibernate: select r1_0.id from ratings r1_0 left join tasks t1_0 on t1_0.id=r1_0.task_id where t1_0.id=? limit ?
Hibernate: select avg(r1_0.stars) from ratings r1_0 where r1_0.worker_id=?
Hibernate: select avg(r1_0.stars) from ratings r1_0 where r1_0.worker_id=?
Hibernate: select avg(r1_0.stars) from ratings r1_0 where r1_0.worker_id=?
Hibernate: select avg(r1_0.stars) from ratings r1_0 where r1_0.worker_id=?
Hibernate: select avg(r1_0.stars) from ratings r1_0 where r1_0.worker_id=?
Hibernate: select t1_0.id,t1_0.address,aw1_0.id,aw1_0.adresse,aw1_0.availability,aw1_0.average_rating,aw1_0.identity_document_url,aw1_0.image_url,aw1_0.job,aw1_0.name,aw1_0.national_id_number,aw1_0.phone_number,aw1_0.salary,aw1_0.user_id,u2_0.id,u2_0.enabled,u2_0.image_url,u2_0.password,u2_0.phone,u2_0.reset_password_expires_at,u2_0.reset_password_token,u2_0.role,u2_0.username,u2_0.verification_code,u2_0.verification_expiration,aw1_0.verification_notes,aw1_0.verification_status,t1_0.created_at,t1_0.description,t1_0.latitude,t1_0.longitude,t1_0.profession,t1_0.status,t1_0.title,t1_0.user_id,u1_0.id,u1_0.enabled,u1_0.image_url,u1_0.password,u1_0.phone,u1_0.reset_password_expires_at,u1_0.reset_password_token,u1_0.role,u1_0.username,u1_0.verification_code,u1_0.verification_expiration from tasks t1_0 join users u1_0 on u1_0.id=t1_0.user_id left join workers aw1_0 on aw1_0.id=t1_0.assigned_worker_id left join users u2_0 on u2_0.id=aw1_0.user_id where t1_0.status=? order by t1_0.created_at desc limit ?
Hibernate: select w1_0.id,w1_0.adresse,w1_0.availability,w1_0.average_rating,w1_0.identity_document_url,w1_0.image_url,w1_0.job,w1_0.name,w1_0.national_id_number,w1_0.phone_number,w1_0.salary,w1_0.user_id,u1_0.id,u1_0.enabled,u1_0.image_url,u1_0.password,u1_0.phone,u1_0.reset_password_expires_at,u1_0.reset_password_token,u1_0.role,u1_0.username,u1_0.verification_code,u1_0.verification_expiration,w1_0.verification_notes,w1_0.verification_status from workers w1_0 join users u1_0 on u1_0.id=w1_0.user_id where w1_0.verification_status=? order by w1_0.id desc limit ?
Hibernate: select count(t1_0.id) from tasks t1_0 where t1_0.status=?
Hibernate: select r1_0.id from ratings r1_0 left join tasks t1_0 on t1_0.id=r1_0.task_id where t1_0.id=? limit ?
Hibernate: select count(w1_0.id) from workers w1_0 where w1_0.verification_status=?
Hibernate: select w1_0.id,w1_0.adresse,w1_0.availability,w1_0.average_rating,w1_0.identity_document_url,w1_0.image_url,w1_0.job,w1_0.name,w1_0.national_id_number,w1_0.phone_number,w1_0.salary,w1_0.user_id,u1_0.id,u1_0.enabled,u1_0.image_url,u1_0.password,u1_0.phone,u1_0.reset_password_expires_at,u1_0.reset_password_token,u1_0.role,u1_0.username,u1_0.verification_code,u1_0.verification_expiration,w1_0.verification_notes,w1_0.verification_status from workers w1_0 join users u1_0 on u1_0.id=w1_0.user_id where w1_0.verification_status=? order by w1_0.id desc limit ?
Hibernate: select avg(r1_0.stars) from ratings r1_0 where r1_0.worker_id=?
Hibernate: select avg(r1_0.stars) from ratings r1_0 where r1_0.worker_id=?
Hibernate: select avg(r1_0.stars) from ratings r1_0 where r1_0.worker_id=?
Hibernate: select avg(r1_0.stars) from ratings r1_0 where r1_0.worker_id=?
Hibernate: select avg(r1_0.stars) from ratings r1_0 where r1_0.worker_id=?
Hibernate: select avg(r1_0.stars) from ratings r1_0 where r1_0.worker_id=?
Hibernate: select avg(r1_0.stars) from ratings r1_0 where r1_0.worker_id=?
Hibernate: select avg(r1_0.stars) from ratings r1_0 where r1_0.worker_id=?
2026-04-29T08:39:45.713Z  INFO 16648 --- [backend] [io-8081-exec-10] c.b.P.service.AuthenticationService      : Signup attempt for phone ****5086
Hibernate: select u1_0.id,u1_0.enabled,u1_0.image_url,u1_0.password,u1_0.phone,u1_0.reset_password_expires_at,u1_0.reset_password_token,u1_0.role,u1_0.username,u1_0.verification_code,u1_0.verification_expiration from users u1_0 where u1_0.phone=?
2026-04-29T08:39:47.245Z  INFO 16648 --- [backend] [io-8081-exec-10] com.backend.Projet.service.SmsService    : SMS sent to ****5086. Balance: 96.1
2026-04-29T08:39:47.245Z  INFO 16648 --- [backend] [io-8081-exec-10] c.b.P.service.AuthenticationService      : Verification SMS dispatched to ****5086
Hibernate: insert into users (enabled,image_url,password,phone,reset_password_expires_at,reset_password_token,role,username,verification_code,verification_expiration) values (?,?,?,?,?,?,?,?,?,?)
Hibernate: select u1_0.id,u1_0.enabled,u1_0.image_url,u1_0.password,u1_0.phone,u1_0.reset_password_expires_at,u1_0.reset_password_token,u1_0.role,u1_0.username,u1_0.verification_code,u1_0.verification_expiration from users u1_0 where u1_0.phone=?
Hibernate: update users set enabled=?,image_url=?,password=?,phone=?,reset_password_expires_at=?,reset_password_token=?,role=?,username=?,verification_code=?,verification_expiration=? where id=?
Hibernate: select u1_0.id,u1_0.enabled,u1_0.image_url,u1_0.password,u1_0.phone,u1_0.reset_password_expires_at,u1_0.reset_password_token,u1_0.role,u1_0.username,u1_0.verification_code,u1_0.verification_expiration from users u1_0 where u1_0.phone=?
Hibernate: select u1_0.id,u1_0.enabled,u1_0.image_url,u1_0.password,u1_0.phone,u1_0.reset_password_expires_at,u1_0.reset_password_token,u1_0.role,u1_0.username,u1_0.verification_code,u1_0.verification_expiration from users u1_0 where u1_0.phone=?
Hibernate: select u1_0.id,u1_0.enabled,u1_0.image_url,u1_0.password,u1_0.phone,u1_0.reset_password_expires_at,u1_0.reset_password_token,u1_0.role,u1_0.username,u1_0.verification_code,u1_0.verification_expiration from users u1_0 where u1_0.phone=?
Hibernate: select u1_0.id,u1_0.enabled,u1_0.image_url,u1_0.password,u1_0.phone,u1_0.reset_password_expires_at,u1_0.reset_password_token,u1_0.role,u1_0.username,u1_0.verification_code,u1_0.verification_expiration from users u1_0 where u1_0.phone=?
Hibernate: select u1_0.id,u1_0.enabled,u1_0.image_url,u1_0.password,u1_0.phone,u1_0.reset_password_expires_at,u1_0.reset_password_token,u1_0.role,u1_0.username,u1_0.verification_code,u1_0.verification_expiration from users u1_0 where u1_0.phone=?
Hibernate: select n1_0.id,n1_0.created_at,n1_0.is_read,n1_0.message,n1_0.type,n1_0.user_id,u2_0.id,u2_0.enabled,u2_0.image_url,u2_0.password,u2_0.phone,u2_0.reset_password_expires_at,u2_0.reset_password_token,u2_0.role,u2_0.username,u2_0.verification_code,u2_0.verification_expiration from notifications n1_0 left join users u1_0 on u1_0.id=n1_0.user_id join users u2_0 on u2_0.id=n1_0.user_id where u1_0.id=? order by n1_0.created_at desc
Hibernate: select count(n1_0.id) from notifications n1_0 left join users u1_0 on u1_0.id=n1_0.user_id where u1_0.id=? and not(n1_0.is_read)
Hibernate: select u1_0.id,u1_0.enabled,u1_0.image_url,u1_0.password,u1_0.phone,u1_0.reset_password_expires_at,u1_0.reset_password_token,u1_0.role,u1_0.username,u1_0.verification_code,u1_0.verification_expiration from users u1_0 where u1_0.phone=?
Hibernate: select u1_0.id,u1_0.enabled,u1_0.image_url,u1_0.password,u1_0.phone,u1_0.reset_password_expires_at,u1_0.reset_password_token,u1_0.role,u1_0.username,u1_0.verification_code,u1_0.verification_expiration from users u1_0 where u1_0.phone=?
Hibernate: select u1_0.id,u1_0.enabled,u1_0.image_url,u1_0.password,u1_0.phone,u1_0.reset_password_expires_at,u1_0.reset_password_token,u1_0.role,u1_0.username,u1_0.verification_code,u1_0.verification_expiration from users u1_0 where u1_0.phone=?
Hibernate: select count(n1_0.id) from notifications n1_0 left join users u1_0 on u1_0.id=n1_0.user_id where u1_0.id=? and not(n1_0.is_read)
Hibernate: select n1_0.id,n1_0.created_at,n1_0.is_read,n1_0.message,n1_0.type,n1_0.user_id,u2_0.id,u2_0.enabled,u2_0.image_url,u2_0.password,u2_0.phone,u2_0.reset_password_expires_at,u2_0.reset_password_token,u2_0.role,u2_0.username,u2_0.verification_code,u2_0.verification_expiration from notifications n1_0 left join users u1_0 on u1_0.id=n1_0.user_id join users u2_0 on u2_0.id=n1_0.user_id where u1_0.id=? order by n1_0.created_at desc
Hibernate: select w1_0.id,w1_0.adresse,w1_0.availability,w1_0.average_rating,w1_0.identity_document_url,w1_0.image_url,w1_0.job,w1_0.name,w1_0.national_id_number,w1_0.phone_number,w1_0.salary,w1_0.user_id,u1_0.id,u1_0.enabled,u1_0.image_url,u1_0.password,u1_0.phone,u1_0.reset_password_expires_at,u1_0.reset_password_token,u1_0.role,u1_0.username,u1_0.verification_code,u1_0.verification_expiration,w1_0.verification_notes,w1_0.verification_status from workers w1_0 join users u1_0 on u1_0.id=w1_0.user_id where w1_0.verification_status=? order by w1_0.id desc limit ?
Hibernate: select u1_0.id,u1_0.enabled,u1_0.image_url,u1_0.password,u1_0.phone,u1_0.reset_password_expires_at,u1_0.reset_password_token,u1_0.role,u1_0.username,u1_0.verification_code,u1_0.verification_expiration from users u1_0 where u1_0.phone=?
Hibernate: select u1_0.id,u1_0.enabled,u1_0.image_url,u1_0.password,u1_0.phone,u1_0.reset_password_expires_at,u1_0.reset_password_token,u1_0.role,u1_0.username,u1_0.verification_code,u1_0.verification_expiration from users u1_0 where u1_0.phone=?
Hibernate: select avg(r1_0.stars) from ratings r1_0 where r1_0.worker_id=?
Hibernate: select u1_0.id,u1_0.enabled,u1_0.image_url,u1_0.password,u1_0.phone,u1_0.reset_password_expires_at,u1_0.reset_password_token,u1_0.role,u1_0.username,u1_0.verification_code,u1_0.verification_expiration from users u1_0 where u1_0.phone=?
Hibernate: select avg(r1_0.stars) from ratings r1_0 where r1_0.worker_id=?
Hibernate: select avg(r1_0.stars) from ratings r1_0 where r1_0.worker_id=?
Hibernate: select u1_0.id,u1_0.enabled,u1_0.image_url,u1_0.password,u1_0.phone,u1_0.reset_password_expires_at,u1_0.reset_password_token,u1_0.role,u1_0.username,u1_0.verification_code,u1_0.verification_expiration from users u1_0 where u1_0.phone=?
Hibernate: select avg(r1_0.stars) from ratings r1_0 where r1_0.worker_id=?
Hibernate: select t1_0.id,t1_0.address,aw1_0.id,aw1_0.adresse,aw1_0.availability,aw1_0.average_rating,aw1_0.identity_document_url,aw1_0.image_url,aw1_0.job,aw1_0.name,aw1_0.national_id_number,aw1_0.phone_number,aw1_0.salary,aw1_0.user_id,u2_0.id,u2_0.enabled,u2_0.image_url,u2_0.password,u2_0.phone,u2_0.reset_password_expires_at,u2_0.reset_password_token,u2_0.role,u2_0.username,u2_0.verification_code,u2_0.verification_expiration,aw1_0.verification_notes,aw1_0.verification_status,t1_0.created_at,t1_0.description,t1_0.latitude,t1_0.longitude,t1_0.profession,t1_0.status,t1_0.title,t1_0.user_id,u1_0.id,u1_0.enabled,u1_0.image_url,u1_0.password,u1_0.phone,u1_0.reset_password_expires_at,u1_0.reset_password_token,u1_0.role,u1_0.username,u1_0.verification_code,u1_0.verification_expiration from tasks t1_0 join users u1_0 on u1_0.id=t1_0.user_id left join workers aw1_0 on aw1_0.id=t1_0.assigned_worker_id left join users u2_0 on u2_0.id=aw1_0.user_id where u1_0.id=? order by t1_0.created_at desc limit ?
Hibernate: select avg(r1_0.stars) from ratings r1_0 where r1_0.worker_id=?
Hibernate: select b1_0.id,b1_0.address,b1_0.booking_date,b1_0.created_at,b1_0.description,b1_0.price,b1_0.status,b1_0.user_id,u2_0.id,u2_0.enabled,u2_0.image_url,u2_0.password,u2_0.phone,u2_0.reset_password_expires_at,u2_0.reset_password_token,u2_0.role,u2_0.username,u2_0.verification_code,u2_0.verification_expiration,b1_0.worker_id,w1_0.id,w1_0.adresse,w1_0.availability,w1_0.average_rating,w1_0.identity_document_url,w1_0.image_url,w1_0.job,w1_0.name,w1_0.national_id_number,w1_0.phone_number,w1_0.salary,w1_0.user_id,u3_0.id,u3_0.enabled,u3_0.image_url,u3_0.password,u3_0.phone,u3_0.reset_password_expires_at,u3_0.reset_password_token,u3_0.role,u3_0.username,u3_0.verification_code,u3_0.verification_expiration,w1_0.verification_notes,w1_0.verification_status from bookings b1_0 left join users u1_0 on u1_0.id=b1_0.user_id join users u2_0 on u2_0.id=b1_0.user_id join workers w1_0 on w1_0.id=b1_0.worker_id join users u3_0 on u3_0.id=w1_0.user_id where u1_0.id=?
Hibernate: select b1_0.id,b1_0.address,b1_0.booking_date,b1_0.created_at,b1_0.description,b1_0.price,b1_0.status,b1_0.user_id,u2_0.id,u2_0.enabled,u2_0.image_url,u2_0.password,u2_0.phone,u2_0.reset_password_expires_at,u2_0.reset_password_token,u2_0.role,u2_0.username,u2_0.verification_code,u2_0.verification_expiration,b1_0.worker_id,w2_0.id,w2_0.adresse,w2_0.availability,w2_0.average_rating,w2_0.identity_document_url,w2_0.image_url,w2_0.job,w2_0.name,w2_0.national_id_number,w2_0.phone_number,w2_0.salary,w2_0.user_id,u3_0.id,u3_0.enabled,u3_0.image_url,u3_0.password,u3_0.phone,u3_0.reset_password_expires_at,u3_0.reset_password_token,u3_0.role,u3_0.username,u3_0.verification_code,u3_0.verification_expiration,w2_0.verification_notes,w2_0.verification_status from bookings b1_0 left join workers w1_0 on w1_0.id=b1_0.worker_id left join users u1_0 on u1_0.id=w1_0.user_id join users u2_0 on u2_0.id=b1_0.user_id join workers w2_0 on w2_0.id=b1_0.worker_id join users u3_0 on u3_0.id=w2_0.user_id where u1_0.id=?
Hibernate: select avg(r1_0.stars) from ratings r1_0 where r1_0.worker_id=?
Hibernate: select avg(r1_0.stars) from ratings r1_0 where r1_0.worker_id=?
Hibernate: select o1_0.id,o1_0.created_at,o1_0.message,o1_0.status,o1_0.task_id,t1_0.id,t1_0.address,t1_0.assigned_worker_id,t1_0.created_at,t1_0.description,t1_0.latitude,t1_0.longitude,t1_0.profession,t1_0.status,t1_0.title,t1_0.user_id,u2_0.id,u2_0.enabled,u2_0.image_url,u2_0.password,u2_0.phone,u2_0.reset_password_expires_at,u2_0.reset_password_token,u2_0.role,u2_0.username,u2_0.verification_code,u2_0.verification_expiration,o1_0.worker_id,w2_0.id,w2_0.adresse,w2_0.availability,w2_0.average_rating,w2_0.identity_document_url,w2_0.image_url,w2_0.job,w2_0.name,w2_0.national_id_number,w2_0.phone_number,w2_0.salary,w2_0.user_id,u3_0.id,u3_0.enabled,u3_0.image_url,u3_0.password,u3_0.phone,u3_0.reset_password_expires_at,u3_0.reset_password_token,u3_0.role,u3_0.username,u3_0.verification_code,u3_0.verification_expiration,w2_0.verification_notes,w2_0.verification_status from offers o1_0 left join workers w1_0 on w1_0.id=o1_0.worker_id left join users u1_0 on u1_0.id=w1_0.user_id join tasks t1_0 on t1_0.id=o1_0.task_id join users u2_0 on u2_0.id=t1_0.user_id join workers w2_0 on w2_0.id=o1_0.worker_id join users u3_0 on u3_0.id=w2_0.user_id where u1_0.id=?
Hibernate: select u1_0.id,u1_0.enabled,u1_0.image_url,u1_0.password,u1_0.phone,u1_0.reset_password_expires_at,u1_0.reset_password_token,u1_0.role,u1_0.username,u1_0.verification_code,u1_0.verification_expiration from users u1_0 where u1_0.phone=?
Hibernate: select u1_0.id,u1_0.enabled,u1_0.image_url,u1_0.password,u1_0.phone,u1_0.reset_password_expires_at,u1_0.reset_password_token,u1_0.role,u1_0.username,u1_0.verification_code,u1_0.verification_expiration from users u1_0 where u1_0.phone=?
Hibernate: select w1_0.id,w1_0.adresse,w1_0.availability,w1_0.average_rating,w1_0.identity_document_url,w1_0.image_url,w1_0.job,w1_0.name,w1_0.national_id_number,w1_0.phone_number,w1_0.salary,w1_0.user_id,u1_0.id,u1_0.enabled,u1_0.image_url,u1_0.password,u1_0.phone,u1_0.reset_password_expires_at,u1_0.reset_password_token,u1_0.role,u1_0.username,u1_0.verification_code,u1_0.verification_expiration,w1_0.verification_notes,w1_0.verification_status from workers w1_0 join users u1_0 on u1_0.id=w1_0.user_id where w1_0.verification_status=? order by w1_0.id desc limit ?
Hibernate: select u1_0.id,u1_0.enabled,u1_0.image_url,u1_0.password,u1_0.phone,u1_0.reset_password_expires_at,u1_0.reset_password_token,u1_0.role,u1_0.username,u1_0.verification_code,u1_0.verification_expiration from users u1_0 where u1_0.phone=?
Hibernate: select u1_0.id,u1_0.enabled,u1_0.image_url,u1_0.password,u1_0.phone,u1_0.reset_password_expires_at,u1_0.reset_password_token,u1_0.role,u1_0.username,u1_0.verification_code,u1_0.verification_expiration from users u1_0 where u1_0.phone=?
Hibernate: select t1_0.id,t1_0.address,aw1_0.id,aw1_0.adresse,aw1_0.availability,aw1_0.average_rating,aw1_0.identity_document_url,aw1_0.image_url,aw1_0.job,aw1_0.name,aw1_0.national_id_number,aw1_0.phone_number,aw1_0.salary,aw1_0.user_id,u2_0.id,u2_0.enabled,u2_0.image_url,u2_0.password,u2_0.phone,u2_0.reset_password_expires_at,u2_0.reset_password_token,u2_0.role,u2_0.username,u2_0.verification_code,u2_0.verification_expiration,aw1_0.verification_notes,aw1_0.verification_status,t1_0.created_at,t1_0.description,t1_0.latitude,t1_0.longitude,t1_0.profession,t1_0.status,t1_0.title,t1_0.user_id,u1_0.id,u1_0.enabled,u1_0.image_url,u1_0.password,u1_0.phone,u1_0.reset_password_expires_at,u1_0.reset_password_token,u1_0.role,u1_0.username,u1_0.verification_code,u1_0.verification_expiration from tasks t1_0 join users u1_0 on u1_0.id=t1_0.user_id left join workers aw1_0 on aw1_0.id=t1_0.assigned_worker_id left join users u2_0 on u2_0.id=aw1_0.user_id where u1_0.id=? order by t1_0.created_at desc limit ?
Hibernate: select avg(r1_0.stars) from ratings r1_0 where r1_0.worker_id=?
Hibernate: select avg(r1_0.stars) from ratings r1_0 where r1_0.worker_id=?
Hibernate: select avg(r1_0.stars) from ratings r1_0 where r1_0.worker_id=?
Hibernate: select o1_0.id,o1_0.created_at,o1_0.message,o1_0.status,o1_0.task_id,t1_0.id,t1_0.address,t1_0.assigned_worker_id,t1_0.created_at,t1_0.description,t1_0.latitude,t1_0.longitude,t1_0.profession,t1_0.status,t1_0.title,t1_0.user_id,u2_0.id,u2_0.enabled,u2_0.image_url,u2_0.password,u2_0.phone,u2_0.reset_password_expires_at,u2_0.reset_password_token,u2_0.role,u2_0.username,u2_0.verification_code,u2_0.verification_expiration,o1_0.worker_id,w2_0.id,w2_0.adresse,w2_0.availability,w2_0.average_rating,w2_0.identity_document_url,w2_0.image_url,w2_0.job,w2_0.name,w2_0.national_id_number,w2_0.phone_number,w2_0.salary,w2_0.user_id,u3_0.id,u3_0.enabled,u3_0.image_url,u3_0.password,u3_0.phone,u3_0.reset_password_expires_at,u3_0.reset_password_token,u3_0.role,u3_0.username,u3_0.verification_code,u3_0.verification_expiration,w2_0.verification_notes,w2_0.verification_status from offers o1_0 left join workers w1_0 on w1_0.id=o1_0.worker_id left join users u1_0 on u1_0.id=w1_0.user_id join tasks t1_0 on t1_0.id=o1_0.task_id join users u2_0 on u2_0.id=t1_0.user_id join workers w2_0 on w2_0.id=o1_0.worker_id join users u3_0 on u3_0.id=w2_0.user_id where u1_0.id=?
Hibernate: select b1_0.id,b1_0.address,b1_0.booking_date,b1_0.created_at,b1_0.description,b1_0.price,b1_0.status,b1_0.user_id,u2_0.id,u2_0.enabled,u2_0.image_url,u2_0.password,u2_0.phone,u2_0.reset_password_expires_at,u2_0.reset_password_token,u2_0.role,u2_0.username,u2_0.verification_code,u2_0.verification_expiration,b1_0.worker_id,w1_0.id,w1_0.adresse,w1_0.availability,w1_0.average_rating,w1_0.identity_document_url,w1_0.image_url,w1_0.job,w1_0.name,w1_0.national_id_number,w1_0.phone_number,w1_0.salary,w1_0.user_id,u3_0.id,u3_0.enabled,u3_0.image_url,u3_0.password,u3_0.phone,u3_0.reset_password_expires_at,u3_0.reset_password_token,u3_0.role,u3_0.username,u3_0.verification_code,u3_0.verification_expiration,w1_0.verification_notes,w1_0.verification_status from bookings b1_0 left join users u1_0 on u1_0.id=b1_0.user_id join users u2_0 on u2_0.id=b1_0.user_id join workers w1_0 on w1_0.id=b1_0.worker_id join users u3_0 on u3_0.id=w1_0.user_id where u1_0.id=?
Hibernate: select b1_0.id,b1_0.address,b1_0.booking_date,b1_0.created_at,b1_0.description,b1_0.price,b1_0.status,b1_0.user_id,u2_0.id,u2_0.enabled,u2_0.image_url,u2_0.password,u2_0.phone,u2_0.reset_password_expires_at,u2_0.reset_password_token,u2_0.role,u2_0.username,u2_0.verification_code,u2_0.verification_expiration,b1_0.worker_id,w2_0.id,w2_0.adresse,w2_0.availability,w2_0.average_rating,w2_0.identity_document_url,w2_0.image_url,w2_0.job,w2_0.name,w2_0.national_id_number,w2_0.phone_number,w2_0.salary,w2_0.user_id,u3_0.id,u3_0.enabled,u3_0.image_url,u3_0.password,u3_0.phone,u3_0.reset_password_expires_at,u3_0.reset_password_token,u3_0.role,u3_0.username,u3_0.verification_code,u3_0.verification_expiration,w2_0.verification_notes,w2_0.verification_status from bookings b1_0 left join workers w1_0 on w1_0.id=b1_0.worker_id left join users u1_0 on u1_0.id=w1_0.user_id join users u2_0 on u2_0.id=b1_0.user_id join workers w2_0 on w2_0.id=b1_0.worker_id join users u3_0 on u3_0.id=w2_0.user_id where u1_0.id=?
Hibernate: select avg(r1_0.stars) from ratings r1_0 where r1_0.worker_id=?
Hibernate: select avg(r1_0.stars) from ratings r1_0 where r1_0.worker_id=?
Hibernate: select avg(r1_0.stars) from ratings r1_0 where r1_0.worker_id=?
Hibernate: select avg(r1_0.stars) from ratings r1_0 where r1_0.worker_id=?
Hibernate: select u1_0.id,u1_0.enabled,u1_0.image_url,u1_0.password,u1_0.phone,u1_0.reset_password_expires_at,u1_0.reset_password_token,u1_0.role,u1_0.username,u1_0.verification_code,u1_0.verification_expiration from users u1_0 where u1_0.phone=?
Hibernate: select u1_0.id,u1_0.enabled,u1_0.image_url,u1_0.password,u1_0.phone,u1_0.reset_password_expires_at,u1_0.reset_password_token,u1_0.role,u1_0.username,u1_0.verification_code,u1_0.verification_expiration from users u1_0 where u1_0.phone=?
Hibernate: select count(n1_0.id) from notifications n1_0 left join users u1_0 on u1_0.id=n1_0.user_id where u1_0.id=? and not(n1_0.is_read)
Hibernate: select n1_0.id,n1_0.created_at,n1_0.is_read,n1_0.message,n1_0.type,n1_0.user_id,u2_0.id,u2_0.enabled,u2_0.image_url,u2_0.password,u2_0.phone,u2_0.reset_password_expires_at,u2_0.reset_password_token,u2_0.role,u2_0.username,u2_0.verification_code,u2_0.verification_expiration from notifications n1_0 left join users u1_0 on u1_0.id=n1_0.user_id join users u2_0 on u2_0.id=n1_0.user_id where u1_0.id=? order by n1_0.created_at desc
Hibernate: select u1_0.id,u1_0.enabled,u1_0.image_url,u1_0.password,u1_0.phone,u1_0.reset_password_expires_at,u1_0.reset_password_token,u1_0.role,u1_0.username,u1_0.verification_code,u1_0.verification_expiration from users u1_0 where u1_0.phone=?
Hibernate: select u1_0.id,u1_0.enabled,u1_0.image_url,u1_0.password,u1_0.phone,u1_0.reset_password_expires_at,u1_0.reset_password_token,u1_0.role,u1_0.username,u1_0.verification_code,u1_0.verification_expiration from users u1_0 where u1_0.phone=?
Hibernate: select n1_0.id,n1_0.created_at,n1_0.is_read,n1_0.message,n1_0.type,n1_0.user_id,u2_0.id,u2_0.enabled,u2_0.image_url,u2_0.password,u2_0.phone,u2_0.reset_password_expires_at,u2_0.reset_password_token,u2_0.role,u2_0.username,u2_0.verification_code,u2_0.verification_expiration from notifications n1_0 left join users u1_0 on u1_0.id=n1_0.user_id join users u2_0 on u2_0.id=n1_0.user_id where u1_0.id=? order by n1_0.created_at desc
Hibernate: select count(n1_0.id) from notifications n1_0 left join users u1_0 on u1_0.id=n1_0.user_id where u1_0.id=? and not(n1_0.is_read)
Hibernate: select u1_0.id,u1_0.enabled,u1_0.image_url,u1_0.password,u1_0.phone,u1_0.reset_password_expires_at,u1_0.reset_password_token,u1_0.role,u1_0.username,u1_0.verification_code,u1_0.verification_expiration from users u1_0 where u1_0.phone=?
Hibernate: select u1_0.id,u1_0.enabled,u1_0.image_url,u1_0.password,u1_0.phone,u1_0.reset_password_expires_at,u1_0.reset_password_token,u1_0.role,u1_0.username,u1_0.verification_code,u1_0.verification_expiration from users u1_0 where u1_0.phone=?
Hibernate: select count(n1_0.id) from notifications n1_0 left join users u1_0 on u1_0.id=n1_0.user_id where u1_0.id=? and not(n1_0.is_read)
Hibernate: select n1_0.id,n1_0.created_at,n1_0.is_read,n1_0.message,n1_0.type,n1_0.user_id,u2_0.id,u2_0.enabled,u2_0.image_url,u2_0.password,u2_0.phone,u2_0.reset_password_expires_at,u2_0.reset_password_token,u2_0.role,u2_0.username,u2_0.verification_code,u2_0.verification_expiration from notifications n1_0 left join users u1_0 on u1_0.id=n1_0.user_id join users u2_0 on u2_0.id=n1_0.user_id where u1_0.id=? order by n1_0.created_at desc
Hibernate: select u1_0.id,u1_0.enabled,u1_0.image_url,u1_0.password,u1_0.phone,u1_0.reset_password_expires_at,u1_0.reset_password_token,u1_0.role,u1_0.username,u1_0.verification_code,u1_0.verification_expiration from users u1_0 where u1_0.phone=?
Hibernate: select u1_0.id,u1_0.enabled,u1_0.image_url,u1_0.password,u1_0.phone,u1_0.reset_password_expires_at,u1_0.reset_password_token,u1_0.role,u1_0.username,u1_0.verification_code,u1_0.verification_expiration from users u1_0 where u1_0.phone=?
Hibernate: select count(n1_0.id) from notifications n1_0 left join users u1_0 on u1_0.id=n1_0.user_id where u1_0.id=? and not(n1_0.is_read)
Hibernate: select n1_0.id,n1_0.created_at,n1_0.is_read,n1_0.message,n1_0.type,n1_0.user_id,u2_0.id,u2_0.enabled,u2_0.image_url,u2_0.password,u2_0.phone,u2_0.reset_password_expires_at,u2_0.reset_password_token,u2_0.role,u2_0.username,u2_0.verification_code,u2_0.verification_expiration from notifications n1_0 left join users u1_0 on u1_0.id=n1_0.user_id join users u2_0 on u2_0.id=n1_0.user_id where u1_0.id=? order by n1_0.created_at desc
Hibernate: select u1_0.id,u1_0.enabled,u1_0.image_url,u1_0.password,u1_0.phone,u1_0.reset_password_expires_at,u1_0.reset_password_token,u1_0.role,u1_0.username,u1_0.verification_code,u1_0.verification_expiration from users u1_0 where u1_0.phone=?
Hibernate: select u1_0.id,u1_0.enabled,u1_0.image_url,u1_0.password,u1_0.phone,u1_0.reset_password_expires_at,u1_0.reset_password_token,u1_0.role,u1_0.username,u1_0.verification_code,u1_0.verification_expiration from users u1_0 where u1_0.phone=?
Hibernate: select u1_0.id,u1_0.enabled,u1_0.image_url,u1_0.password,u1_0.phone,u1_0.reset_password_expires_at,u1_0.reset_password_token,u1_0.role,u1_0.username,u1_0.verification_code,u1_0.verification_expiration from users u1_0 where u1_0.phone=?
Hibernate: select w1_0.id,w1_0.adresse,w1_0.availability,w1_0.average_rating,w1_0.identity_document_url,w1_0.image_url,w1_0.job,w1_0.name,w1_0.national_id_number,w1_0.phone_number,w1_0.salary,w1_0.user_id,u1_0.id,u1_0.enabled,u1_0.image_url,u1_0.password,u1_0.phone,u1_0.reset_password_expires_at,u1_0.reset_password_token,u1_0.role,u1_0.username,u1_0.verification_code,u1_0.verification_expiration,w1_0.verification_notes,w1_0.verification_status from workers w1_0 join users u1_0 on u1_0.id=w1_0.user_id where w1_0.verification_status=? order by w1_0.id desc limit ?
Hibernate: select u1_0.id,u1_0.enabled,u1_0.image_url,u1_0.password,u1_0.phone,u1_0.reset_password_expires_at,u1_0.reset_password_token,u1_0.role,u1_0.username,u1_0.verification_code,u1_0.verification_expiration from users u1_0 where u1_0.phone=?
Hibernate: select avg(r1_0.stars) from ratings r1_0 where r1_0.worker_id=?
Hibernate: select avg(r1_0.stars) from ratings r1_0 where r1_0.worker_id=?
Hibernate: select t1_0.id,t1_0.address,aw1_0.id,aw1_0.adresse,aw1_0.availability,aw1_0.average_rating,aw1_0.identity_document_url,aw1_0.image_url,aw1_0.job,aw1_0.name,aw1_0.national_id_number,aw1_0.phone_number,aw1_0.salary,aw1_0.user_id,u2_0.id,u2_0.enabled,u2_0.image_url,u2_0.password,u2_0.phone,u2_0.reset_password_expires_at,u2_0.reset_password_token,u2_0.role,u2_0.username,u2_0.verification_code,u2_0.verification_expiration,aw1_0.verification_notes,aw1_0.verification_status,t1_0.created_at,t1_0.description,t1_0.latitude,t1_0.longitude,t1_0.profession,t1_0.status,t1_0.title,t1_0.user_id,u1_0.id,u1_0.enabled,u1_0.image_url,u1_0.password,u1_0.phone,u1_0.reset_password_expires_at,u1_0.reset_password_token,u1_0.role,u1_0.username,u1_0.verification_code,u1_0.verification_expiration from tasks t1_0 join users u1_0 on u1_0.id=t1_0.user_id left join workers aw1_0 on aw1_0.id=t1_0.assigned_worker_id left join users u2_0 on u2_0.id=aw1_0.user_id where u1_0.id=? order by t1_0.created_at desc limit ?
Hibernate: select avg(r1_0.stars) from ratings r1_0 where r1_0.worker_id=?
Hibernate: select avg(r1_0.stars) from ratings r1_0 where r1_0.worker_id=?
Hibernate: select b1_0.id,b1_0.address,b1_0.booking_date,b1_0.created_at,b1_0.description,b1_0.price,b1_0.status,b1_0.user_id,u2_0.id,u2_0.enabled,u2_0.image_url,u2_0.password,u2_0.phone,u2_0.reset_password_expires_at,u2_0.reset_password_token,u2_0.role,u2_0.username,u2_0.verification_code,u2_0.verification_expiration,b1_0.worker_id,w1_0.id,w1_0.adresse,w1_0.availability,w1_0.average_rating,w1_0.identity_document_url,w1_0.image_url,w1_0.job,w1_0.name,w1_0.national_id_number,w1_0.phone_number,w1_0.salary,w1_0.user_id,u3_0.id,u3_0.enabled,u3_0.image_url,u3_0.password,u3_0.phone,u3_0.reset_password_expires_at,u3_0.reset_password_token,u3_0.role,u3_0.username,u3_0.verification_code,u3_0.verification_expiration,w1_0.verification_notes,w1_0.verification_status from bookings b1_0 left join users u1_0 on u1_0.id=b1_0.user_id join users u2_0 on u2_0.id=b1_0.user_id join workers w1_0 on w1_0.id=b1_0.worker_id join users u3_0 on u3_0.id=w1_0.user_id where u1_0.id=?
Hibernate: select avg(r1_0.stars) from ratings r1_0 where r1_0.worker_id=?
Hibernate: select u1_0.id,u1_0.enabled,u1_0.image_url,u1_0.password,u1_0.phone,u1_0.reset_password_expires_at,u1_0.reset_password_token,u1_0.role,u1_0.username,u1_0.verification_code,u1_0.verification_expiration from users u1_0 where u1_0.phone=?
Hibernate: select avg(r1_0.stars) from ratings r1_0 where r1_0.worker_id=?
Hibernate: select b1_0.id,b1_0.address,b1_0.booking_date,b1_0.created_at,b1_0.description,b1_0.price,b1_0.status,b1_0.user_id,u2_0.id,u2_0.enabled,u2_0.image_url,u2_0.password,u2_0.phone,u2_0.reset_password_expires_at,u2_0.reset_password_token,u2_0.role,u2_0.username,u2_0.verification_code,u2_0.verification_expiration,b1_0.worker_id,w2_0.id,w2_0.adresse,w2_0.availability,w2_0.average_rating,w2_0.identity_document_url,w2_0.image_url,w2_0.job,w2_0.name,w2_0.national_id_number,w2_0.phone_number,w2_0.salary,w2_0.user_id,u3_0.id,u3_0.enabled,u3_0.image_url,u3_0.password,u3_0.phone,u3_0.reset_password_expires_at,u3_0.reset_password_token,u3_0.role,u3_0.username,u3_0.verification_code,u3_0.verification_expiration,w2_0.verification_notes,w2_0.verification_status from bookings b1_0 left join workers w1_0 on w1_0.id=b1_0.worker_id left join users u1_0 on u1_0.id=w1_0.user_id join users u2_0 on u2_0.id=b1_0.user_id join workers w2_0 on w2_0.id=b1_0.worker_id join users u3_0 on u3_0.id=w2_0.user_id where u1_0.id=?
Hibernate: select avg(r1_0.stars) from ratings r1_0 where r1_0.worker_id=?
Hibernate: select o1_0.id,o1_0.created_at,o1_0.message,o1_0.status,o1_0.task_id,t1_0.id,t1_0.address,t1_0.assigned_worker_id,t1_0.created_at,t1_0.description,t1_0.latitude,t1_0.longitude,t1_0.profession,t1_0.status,t1_0.title,t1_0.user_id,u2_0.id,u2_0.enabled,u2_0.image_url,u2_0.password,u2_0.phone,u2_0.reset_password_expires_at,u2_0.reset_password_token,u2_0.role,u2_0.username,u2_0.verification_code,u2_0.verification_expiration,o1_0.worker_id,w2_0.id,w2_0.adresse,w2_0.availability,w2_0.average_rating,w2_0.identity_document_url,w2_0.image_url,w2_0.job,w2_0.name,w2_0.national_id_number,w2_0.phone_number,w2_0.salary,w2_0.user_id,u3_0.id,u3_0.enabled,u3_0.image_url,u3_0.password,u3_0.phone,u3_0.reset_password_expires_at,u3_0.reset_password_token,u3_0.role,u3_0.username,u3_0.verification_code,u3_0.verification_expiration,w2_0.verification_notes,w2_0.verification_status from offers o1_0 left join workers w1_0 on w1_0.id=o1_0.worker_id left join users u1_0 on u1_0.id=w1_0.user_id join tasks t1_0 on t1_0.id=o1_0.task_id join users u2_0 on u2_0.id=t1_0.user_id join workers w2_0 on w2_0.id=o1_0.worker_id join users u3_0 on u3_0.id=w2_0.user_id where u1_0.id=?
Hibernate: select t1_0.id,t1_0.address,aw1_0.id,aw1_0.adresse,aw1_0.availability,aw1_0.average_rating,aw1_0.identity_document_url,aw1_0.image_url,aw1_0.job,aw1_0.name,aw1_0.national_id_number,aw1_0.phone_number,aw1_0.salary,aw1_0.user_id,u2_0.id,u2_0.enabled,u2_0.image_url,u2_0.password,u2_0.phone,u2_0.reset_password_expires_at,u2_0.reset_password_token,u2_0.role,u2_0.username,u2_0.verification_code,u2_0.verification_expiration,aw1_0.verification_notes,aw1_0.verification_status,t1_0.created_at,t1_0.description,t1_0.latitude,t1_0.longitude,t1_0.profession,t1_0.status,t1_0.title,t1_0.user_id,u1_0.id,u1_0.enabled,u1_0.image_url,u1_0.password,u1_0.phone,u1_0.reset_password_expires_at,u1_0.reset_password_token,u1_0.role,u1_0.username,u1_0.verification_code,u1_0.verification_expiration from tasks t1_0 join users u1_0 on u1_0.id=t1_0.user_id left join workers aw1_0 on aw1_0.id=t1_0.assigned_worker_id left join users u2_0 on u2_0.id=aw1_0.user_id where t1_0.status=? order by t1_0.created_at desc limit ?
Hibernate: select u1_0.id,u1_0.enabled,u1_0.image_url,u1_0.password,u1_0.phone,u1_0.reset_password_expires_at,u1_0.reset_password_token,u1_0.role,u1_0.username,u1_0.verification_code,u1_0.verification_expiration from users u1_0 where u1_0.phone=?
Hibernate: select r1_0.id from ratings r1_0 left join tasks t1_0 on t1_0.id=r1_0.task_id where t1_0.id=? limit ?
Hibernate: select u1_0.id,u1_0.enabled,u1_0.image_url,u1_0.password,u1_0.phone,u1_0.reset_password_expires_at,u1_0.reset_password_token,u1_0.role,u1_0.username,u1_0.verification_code,u1_0.verification_expiration from users u1_0 where u1_0.phone=?
Hibernate: select r1_0.id from ratings r1_0 left join tasks t1_0 on t1_0.id=r1_0.task_id where t1_0.id=? limit ?
Hibernate: select r1_0.id from ratings r1_0 left join tasks t1_0 on t1_0.id=r1_0.task_id where t1_0.id=? limit ?
Hibernate: select o1_0.id,o1_0.created_at,o1_0.message,o1_0.status,o1_0.task_id,t1_0.id,t1_0.address,t1_0.assigned_worker_id,t1_0.created_at,t1_0.description,t1_0.latitude,t1_0.longitude,t1_0.profession,t1_0.status,t1_0.title,t1_0.user_id,u2_0.id,u2_0.enabled,u2_0.image_url,u2_0.password,u2_0.phone,u2_0.reset_password_expires_at,u2_0.reset_password_token,u2_0.role,u2_0.username,u2_0.verification_code,u2_0.verification_expiration,o1_0.worker_id,w2_0.id,w2_0.adresse,w2_0.availability,w2_0.average_rating,w2_0.identity_document_url,w2_0.image_url,w2_0.job,w2_0.name,w2_0.national_id_number,w2_0.phone_number,w2_0.salary,w2_0.user_id,u3_0.id,u3_0.enabled,u3_0.image_url,u3_0.password,u3_0.phone,u3_0.reset_password_expires_at,u3_0.reset_password_token,u3_0.role,u3_0.username,u3_0.verification_code,u3_0.verification_expiration,w2_0.verification_notes,w2_0.verification_status from offers o1_0 left join workers w1_0 on w1_0.id=o1_0.worker_id left join users u1_0 on u1_0.id=w1_0.user_id join tasks t1_0 on t1_0.id=o1_0.task_id join users u2_0 on u2_0.id=t1_0.user_id join workers w2_0 on w2_0.id=o1_0.worker_id join users u3_0 on u3_0.id=w2_0.user_id where u1_0.id=?
Hibernate: select r1_0.id from ratings r1_0 left join tasks t1_0 on t1_0.id=r1_0.task_id where t1_0.id=? limit ?
Hibernate: select r1_0.id from ratings r1_0 left join tasks t1_0 on t1_0.id=r1_0.task_id where t1_0.id=? limit ?
Hibernate: select t1_0.id,t1_0.address,aw1_0.id,aw1_0.adresse,aw1_0.availability,aw1_0.average_rating,aw1_0.identity_document_url,aw1_0.image_url,aw1_0.job,aw1_0.name,aw1_0.national_id_number,aw1_0.phone_number,aw1_0.salary,aw1_0.user_id,u2_0.id,u2_0.enabled,u2_0.image_url,u2_0.password,u2_0.phone,u2_0.reset_password_expires_at,u2_0.reset_password_token,u2_0.role,u2_0.username,u2_0.verification_code,u2_0.verification_expiration,aw1_0.verification_notes,aw1_0.verification_status,t1_0.created_at,t1_0.description,t1_0.latitude,t1_0.longitude,t1_0.profession,t1_0.status,t1_0.title,t1_0.user_id,u1_0.id,u1_0.enabled,u1_0.image_url,u1_0.password,u1_0.phone,u1_0.reset_password_expires_at,u1_0.reset_password_token,u1_0.role,u1_0.username,u1_0.verification_code,u1_0.verification_expiration from tasks t1_0 join users u1_0 on u1_0.id=t1_0.user_id left join workers aw1_0 on aw1_0.id=t1_0.assigned_worker_id left join users u2_0 on u2_0.id=aw1_0.user_id where u1_0.id=? order by t1_0.created_at desc limit ?
Hibernate: select r1_0.id from ratings r1_0 left join tasks t1_0 on t1_0.id=r1_0.task_id where t1_0.id=? limit ?
Hibernate: select r1_0.id from ratings r1_0 left join tasks t1_0 on t1_0.id=r1_0.task_id where t1_0.id=? limit ?
Hibernate: select u1_0.id,u1_0.enabled,u1_0.image_url,u1_0.password,u1_0.phone,u1_0.reset_password_expires_at,u1_0.reset_password_token,u1_0.role,u1_0.username,u1_0.verification_code,u1_0.verification_expiration from users u1_0 where u1_0.phone=?
Hibernate: select u1_0.id,u1_0.enabled,u1_0.image_url,u1_0.password,u1_0.phone,u1_0.reset_password_expires_at,u1_0.reset_password_token,u1_0.role,u1_0.username,u1_0.verification_code,u1_0.verification_expiration from users u1_0 where u1_0.phone=?
Hibernate: select t1_0.id,t1_0.address,aw1_0.id,aw1_0.adresse,aw1_0.availability,aw1_0.average_rating,aw1_0.identity_document_url,aw1_0.image_url,aw1_0.job,aw1_0.name,aw1_0.national_id_number,aw1_0.phone_number,aw1_0.salary,aw1_0.user_id,u2_0.id,u2_0.enabled,u2_0.image_url,u2_0.password,u2_0.phone,u2_0.reset_password_expires_at,u2_0.reset_password_token,u2_0.role,u2_0.username,u2_0.verification_code,u2_0.verification_expiration,aw1_0.verification_notes,aw1_0.verification_status,t1_0.created_at,t1_0.description,t1_0.latitude,t1_0.longitude,t1_0.profession,t1_0.status,t1_0.title,t1_0.user_id,u1_0.id,u1_0.enabled,u1_0.image_url,u1_0.password,u1_0.phone,u1_0.reset_password_expires_at,u1_0.reset_password_token,u1_0.role,u1_0.username,u1_0.verification_code,u1_0.verification_expiration from tasks t1_0 join users u1_0 on u1_0.id=t1_0.user_id left join workers aw1_0 on aw1_0.id=t1_0.assigned_worker_id left join users u2_0 on u2_0.id=aw1_0.user_id where t1_0.status=? order by t1_0.created_at desc limit ?
Hibernate: select o1_0.id,o1_0.created_at,o1_0.message,o1_0.status,o1_0.task_id,t1_0.id,t1_0.address,t1_0.assigned_worker_id,t1_0.created_at,t1_0.description,t1_0.latitude,t1_0.longitude,t1_0.profession,t1_0.status,t1_0.title,t1_0.user_id,u2_0.id,u2_0.enabled,u2_0.image_url,u2_0.password,u2_0.phone,u2_0.reset_password_expires_at,u2_0.reset_password_token,u2_0.role,u2_0.username,u2_0.verification_code,u2_0.verification_expiration,o1_0.worker_id,w2_0.id,w2_0.adresse,w2_0.availability,w2_0.average_rating,w2_0.identity_document_url,w2_0.image_url,w2_0.job,w2_0.name,w2_0.national_id_number,w2_0.phone_number,w2_0.salary,w2_0.user_id,u3_0.id,u3_0.enabled,u3_0.image_url,u3_0.password,u3_0.phone,u3_0.reset_password_expires_at,u3_0.reset_password_token,u3_0.role,u3_0.username,u3_0.verification_code,u3_0.verification_expiration,w2_0.verification_notes,w2_0.verification_status from offers o1_0 left join workers w1_0 on w1_0.id=o1_0.worker_id left join users u1_0 on u1_0.id=w1_0.user_id join tasks t1_0 on t1_0.id=o1_0.task_id join users u2_0 on u2_0.id=t1_0.user_id join workers w2_0 on w2_0.id=o1_0.worker_id join users u3_0 on u3_0.id=w2_0.user_id where u1_0.id=?
Hibernate: select r1_0.id from ratings r1_0 left join tasks t1_0 on t1_0.id=r1_0.task_id where t1_0.id=? limit ?
Hibernate: select r1_0.id from ratings r1_0 left join tasks t1_0 on t1_0.id=r1_0.task_id where t1_0.id=? limit ?
Hibernate: select t1_0.id,t1_0.address,aw1_0.id,aw1_0.adresse,aw1_0.availability,aw1_0.average_rating,aw1_0.identity_document_url,aw1_0.image_url,aw1_0.job,aw1_0.name,aw1_0.national_id_number,aw1_0.phone_number,aw1_0.salary,aw1_0.user_id,u2_0.id,u2_0.enabled,u2_0.image_url,u2_0.password,u2_0.phone,u2_0.reset_password_expires_at,u2_0.reset_password_token,u2_0.role,u2_0.username,u2_0.verification_code,u2_0.verification_expiration,aw1_0.verification_notes,aw1_0.verification_status,t1_0.created_at,t1_0.description,t1_0.latitude,t1_0.longitude,t1_0.profession,t1_0.status,t1_0.title,t1_0.user_id,u1_0.id,u1_0.enabled,u1_0.image_url,u1_0.password,u1_0.phone,u1_0.reset_password_expires_at,u1_0.reset_password_token,u1_0.role,u1_0.username,u1_0.verification_code,u1_0.verification_expiration from tasks t1_0 join users u1_0 on u1_0.id=t1_0.user_id left join workers aw1_0 on aw1_0.id=t1_0.assigned_worker_id left join users u2_0 on u2_0.id=aw1_0.user_id where u1_0.id=? order by t1_0.created_at desc limit ?
Hibernate: select r1_0.id from ratings r1_0 left join tasks t1_0 on t1_0.id=r1_0.task_id where t1_0.id=? limit ?
Hibernate: select r1_0.id from ratings r1_0 left join tasks t1_0 on t1_0.id=r1_0.task_id where t1_0.id=? limit ?
Hibernate: select r1_0.id from ratings r1_0 left join tasks t1_0 on t1_0.id=r1_0.task_id where t1_0.id=? limit ?
Hibernate: select r1_0.id from ratings r1_0 left join tasks t1_0 on t1_0.id=r1_0.task_id where t1_0.id=? limit ?
Hibernate: select r1_0.id from ratings r1_0 left join tasks t1_0 on t1_0.id=r1_0.task_id where t1_0.id=? limit ?
Hibernate: select u1_0.id,u1_0.enabled,u1_0.image_url,u1_0.password,u1_0.phone,u1_0.reset_password_expires_at,u1_0.reset_password_token,u1_0.role,u1_0.username,u1_0.verification_code,u1_0.verification_expiration from users u1_0 where u1_0.phone=?
Hibernate: select u1_0.id,u1_0.enabled,u1_0.image_url,u1_0.password,u1_0.phone,u1_0.reset_password_expires_at,u1_0.reset_password_token,u1_0.role,u1_0.username,u1_0.verification_code,u1_0.verification_expiration from users u1_0 where u1_0.phone=?
Hibernate: select count(n1_0.id) from notifications n1_0 left join users u1_0 on u1_0.id=n1_0.user_id where u1_0.id=? and not(n1_0.is_read)
Hibernate: select n1_0.id,n1_0.created_at,n1_0.is_read,n1_0.message,n1_0.type,n1_0.user_id,u2_0.id,u2_0.enabled,u2_0.image_url,u2_0.password,u2_0.phone,u2_0.reset_password_expires_at,u2_0.reset_password_token,u2_0.role,u2_0.username,u2_0.verification_code,u2_0.verification_expiration from notifications n1_0 left join users u1_0 on u1_0.id=n1_0.user_id join users u2_0 on u2_0.id=n1_0.user_id where u1_0.id=? order by n1_0.created_at desc
Hibernate: select u1_0.id,u1_0.enabled,u1_0.image_url,u1_0.password,u1_0.phone,u1_0.reset_password_expires_at,u1_0.reset_password_token,u1_0.role,u1_0.username,u1_0.verification_code,u1_0.verification_expiration from users u1_0 where u1_0.phone=?
Hibernate: select w1_0.id,w1_0.adresse,w1_0.availability,w1_0.average_rating,w1_0.identity_document_url,w1_0.image_url,w1_0.job,w1_0.name,w1_0.national_id_number,w1_0.phone_number,w1_0.salary,w1_0.user_id,u1_0.id,u1_0.enabled,u1_0.image_url,u1_0.password,u1_0.phone,u1_0.reset_password_expires_at,u1_0.reset_password_token,u1_0.role,u1_0.username,u1_0.verification_code,u1_0.verification_expiration,w1_0.verification_notes,w1_0.verification_status from workers w1_0 join users u1_0 on u1_0.id=w1_0.user_id where w1_0.verification_status=? order by w1_0.id desc limit ?
Hibernate: select u1_0.id,u1_0.enabled,u1_0.image_url,u1_0.password,u1_0.phone,u1_0.reset_password_expires_at,u1_0.reset_password_token,u1_0.role,u1_0.username,u1_0.verification_code,u1_0.verification_expiration from users u1_0 where u1_0.phone=?
Hibernate: select u1_0.id,u1_0.enabled,u1_0.image_url,u1_0.password,u1_0.phone,u1_0.reset_password_expires_at,u1_0.reset_password_token,u1_0.role,u1_0.username,u1_0.verification_code,u1_0.verification_expiration from users u1_0 where u1_0.phone=?
Hibernate: select u1_0.id,u1_0.enabled,u1_0.image_url,u1_0.password,u1_0.phone,u1_0.reset_password_expires_at,u1_0.reset_password_token,u1_0.role,u1_0.username,u1_0.verification_code,u1_0.verification_expiration from users u1_0 where u1_0.phone=?
Hibernate: select u1_0.id,u1_0.enabled,u1_0.image_url,u1_0.password,u1_0.phone,u1_0.reset_password_expires_at,u1_0.reset_password_token,u1_0.role,u1_0.username,u1_0.verification_code,u1_0.verification_expiration from users u1_0 where u1_0.phone=?
Hibernate: select avg(r1_0.stars) from ratings r1_0 where r1_0.worker_id=?
Hibernate: select avg(r1_0.stars) from ratings r1_0 where r1_0.worker_id=?
Hibernate: select avg(r1_0.stars) from ratings r1_0 where r1_0.worker_id=?
Hibernate: select avg(r1_0.stars) from ratings r1_0 where r1_0.worker_id=?
Hibernate: select avg(r1_0.stars) from ratings r1_0 where r1_0.worker_id=?
Hibernate: select t1_0.id,t1_0.address,aw1_0.id,aw1_0.adresse,aw1_0.availability,aw1_0.average_rating,aw1_0.identity_document_url,aw1_0.image_url,aw1_0.job,aw1_0.name,aw1_0.national_id_number,aw1_0.phone_number,aw1_0.salary,aw1_0.user_id,u2_0.id,u2_0.enabled,u2_0.image_url,u2_0.password,u2_0.phone,u2_0.reset_password_expires_at,u2_0.reset_password_token,u2_0.role,u2_0.username,u2_0.verification_code,u2_0.verification_expiration,aw1_0.verification_notes,aw1_0.verification_status,t1_0.created_at,t1_0.description,t1_0.latitude,t1_0.longitude,t1_0.profession,t1_0.status,t1_0.title,t1_0.user_id,u1_0.id,u1_0.enabled,u1_0.image_url,u1_0.password,u1_0.phone,u1_0.reset_password_expires_at,u1_0.reset_password_token,u1_0.role,u1_0.username,u1_0.verification_code,u1_0.verification_expiration from tasks t1_0 join users u1_0 on u1_0.id=t1_0.user_id left join workers aw1_0 on aw1_0.id=t1_0.assigned_worker_id left join users u2_0 on u2_0.id=aw1_0.user_id where u1_0.id=? order by t1_0.created_at desc limit ?
Hibernate: select avg(r1_0.stars) from ratings r1_0 where r1_0.worker_id=?
Hibernate: select avg(r1_0.stars) from ratings r1_0 where r1_0.worker_id=?
Hibernate: select o1_0.id,o1_0.created_at,o1_0.message,o1_0.status,o1_0.task_id,t1_0.id,t1_0.address,t1_0.assigned_worker_id,t1_0.created_at,t1_0.description,t1_0.latitude,t1_0.longitude,t1_0.profession,t1_0.status,t1_0.title,t1_0.user_id,u2_0.id,u2_0.enabled,u2_0.image_url,u2_0.password,u2_0.phone,u2_0.reset_password_expires_at,u2_0.reset_password_token,u2_0.role,u2_0.username,u2_0.verification_code,u2_0.verification_expiration,o1_0.worker_id,w2_0.id,w2_0.adresse,w2_0.availability,w2_0.average_rating,w2_0.identity_document_url,w2_0.image_url,w2_0.job,w2_0.name,w2_0.national_id_number,w2_0.phone_number,w2_0.salary,w2_0.user_id,u3_0.id,u3_0.enabled,u3_0.image_url,u3_0.password,u3_0.phone,u3_0.reset_password_expires_at,u3_0.reset_password_token,u3_0.role,u3_0.username,u3_0.verification_code,u3_0.verification_expiration,w2_0.verification_notes,w2_0.verification_status from offers o1_0 left join workers w1_0 on w1_0.id=o1_0.worker_id left join users u1_0 on u1_0.id=w1_0.user_id join tasks t1_0 on t1_0.id=o1_0.task_id join users u2_0 on u2_0.id=t1_0.user_id join workers w2_0 on w2_0.id=o1_0.worker_id join users u3_0 on u3_0.id=w2_0.user_id where u1_0.id=?
Hibernate: select b1_0.id,b1_0.address,b1_0.booking_date,b1_0.created_at,b1_0.description,b1_0.price,b1_0.status,b1_0.user_id,u2_0.id,u2_0.enabled,u2_0.image_url,u2_0.password,u2_0.phone,u2_0.reset_password_expires_at,u2_0.reset_password_token,u2_0.role,u2_0.username,u2_0.verification_code,u2_0.verification_expiration,b1_0.worker_id,w1_0.id,w1_0.adresse,w1_0.availability,w1_0.average_rating,w1_0.identity_document_url,w1_0.image_url,w1_0.job,w1_0.name,w1_0.national_id_number,w1_0.phone_number,w1_0.salary,w1_0.user_id,u3_0.id,u3_0.enabled,u3_0.image_url,u3_0.password,u3_0.phone,u3_0.reset_password_expires_at,u3_0.reset_password_token,u3_0.role,u3_0.username,u3_0.verification_code,u3_0.verification_expiration,w1_0.verification_notes,w1_0.verification_status from bookings b1_0 left join users u1_0 on u1_0.id=b1_0.user_id join users u2_0 on u2_0.id=b1_0.user_id join workers w1_0 on w1_0.id=b1_0.worker_id join users u3_0 on u3_0.id=w1_0.user_id where u1_0.id=?
Hibernate: select b1_0.id,b1_0.address,b1_0.booking_date,b1_0.created_at,b1_0.description,b1_0.price,b1_0.status,b1_0.user_id,u2_0.id,u2_0.enabled,u2_0.image_url,u2_0.password,u2_0.phone,u2_0.reset_password_expires_at,u2_0.reset_password_token,u2_0.role,u2_0.username,u2_0.verification_code,u2_0.verification_expiration,b1_0.worker_id,w2_0.id,w2_0.adresse,w2_0.availability,w2_0.average_rating,w2_0.identity_document_url,w2_0.image_url,w2_0.job,w2_0.name,w2_0.national_id_number,w2_0.phone_number,w2_0.salary,w2_0.user_id,u3_0.id,u3_0.enabled,u3_0.image_url,u3_0.password,u3_0.phone,u3_0.reset_password_expires_at,u3_0.reset_password_token,u3_0.role,u3_0.username,u3_0.verification_code,u3_0.verification_expiration,w2_0.verification_notes,w2_0.verification_status from bookings b1_0 left join workers w1_0 on w1_0.id=b1_0.worker_id left join users u1_0 on u1_0.id=w1_0.user_id join users u2_0 on u2_0.id=b1_0.user_id join workers w2_0 on w2_0.id=b1_0.worker_id join users u3_0 on u3_0.id=w2_0.user_id where u1_0.id=?
